{"numTotalTestSuites":33,"numPassedTestSuites":29,"numFailedTestSuites":4,"numPendingTestSuites":0,"numTotalTests":39,"numPassedTests":35,"numFailedTests":4,"numPendingTests":0,"numTodoTests":0,"snapshot":{"added":0,"failure":false,"filesAdded":0,"filesRemoved":0,"filesRemovedList":[],"filesUnmatched":0,"filesUpdated":0,"matched":0,"total":0,"unchecked":0,"uncheckedKeysByFile":[],"unmatched":0,"updated":0,"didUpdate":false},"startTime":1767449641634,"success":false,"testResults":[{"assertionResults":[{"ancestorTitles":["Journey Component - Deep Linking"],"fullName":"Journey Component - Deep Linking should auto-select persona when journeyId is in URL","status":"failed","title":"should auto-select persona when journeyId is in URL","duration":48.718991999999616,"failureMessages":["TypeError: Cannot read properties of undefined (reading 'selectedPersona')\n    at /home/alaeddine/Documents/journey_mfai_back_front/journey-simulator/src/pages/Journey.tsx:42:62\n    at Object.react_stack_bottom_frame (/home/alaeddine/Documents/journey_mfai_back_front/journey-simulator/node_modules/react-dom/cjs/react-dom-client.development.js:25989:20)\n    at runWithFiberInDEV (/home/alaeddine/Documents/journey_mfai_back_front/journey-simulator/node_modules/react-dom/cjs/react-dom-client.development.js:874:13)\n    at commitHookEffectListMount (/home/alaeddine/Documents/journey_mfai_back_front/journey-simulator/node_modules/react-dom/cjs/react-dom-client.development.js:13249:29)\n    at commitHookPassiveMountEffects (/home/alaeddine/Documents/journey_mfai_back_front/journey-simulator/node_modules/react-dom/cjs/react-dom-client.development.js:13336:11)\n    at commitPassiveMountOnFiber (/home/alaeddine/Documents/journey_mfai_back_front/journey-simulator/node_modules/react-dom/cjs/react-dom-client.development.js:15484:13)\n    at recursivelyTraversePassiveMountEffects (/home/alaeddine/Documents/journey_mfai_back_front/journey-simulator/node_modules/react-dom/cjs/react-dom-client.development.js:15439:11)\n    at commitPassiveMountOnFiber (/home/alaeddine/Documents/journey_mfai_back_front/journey-simulator/node_modules/react-dom/cjs/react-dom-client.development.js:15718:11)\n    at recursivelyTraversePassiveMountEffects (/home/alaeddine/Documents/journey_mfai_back_front/journey-simulator/node_modules/react-dom/cjs/react-dom-client.development.js:15439:11)\n    at commitPassiveMountOnFiber (/home/alaeddine/Documents/journey_mfai_back_front/journey-simulator/node_modules/react-dom/cjs/react-dom-client.development.js:15476:11)"],"meta":{}},{"ancestorTitles":["Journey Component - Deep Linking"],"fullName":"Journey Component - Deep Linking should not auto-select if persona is already selected","status":"failed","title":"should not auto-select if persona is already selected","duration":8.083656000000246,"failureMessages":["TypeError: Cannot read properties of undefined (reading 'selectedPersona')\n    at /home/alaeddine/Documents/journey_mfai_back_front/journey-simulator/src/pages/Journey.tsx:42:62\n    at Object.react_stack_bottom_frame (/home/alaeddine/Documents/journey_mfai_back_front/journey-simulator/node_modules/react-dom/cjs/react-dom-client.development.js:25989:20)\n    at runWithFiberInDEV (/home/alaeddine/Documents/journey_mfai_back_front/journey-simulator/node_modules/react-dom/cjs/react-dom-client.development.js:874:13)\n    at commitHookEffectListMount (/home/alaeddine/Documents/journey_mfai_back_front/journey-simulator/node_modules/react-dom/cjs/react-dom-client.development.js:13249:29)\n    at commitHookPassiveMountEffects (/home/alaeddine/Documents/journey_mfai_back_front/journey-simulator/node_modules/react-dom/cjs/react-dom-client.development.js:13336:11)\n    at commitPassiveMountOnFiber (/home/alaeddine/Documents/journey_mfai_back_front/journey-simulator/node_modules/react-dom/cjs/react-dom-client.development.js:15484:13)\n    at recursivelyTraversePassiveMountEffects (/home/alaeddine/Documents/journey_mfai_back_front/journey-simulator/node_modules/react-dom/cjs/react-dom-client.development.js:15439:11)\n    at commitPassiveMountOnFiber (/home/alaeddine/Documents/journey_mfai_back_front/journey-simulator/node_modules/react-dom/cjs/react-dom-client.development.js:15718:11)\n    at recursivelyTraversePassiveMountEffects (/home/alaeddine/Documents/journey_mfai_back_front/journey-simulator/node_modules/react-dom/cjs/react-dom-client.development.js:15439:11)\n    at commitPassiveMountOnFiber (/home/alaeddine/Documents/journey_mfai_back_front/journey-simulator/node_modules/react-dom/cjs/react-dom-client.development.js:15476:11)"],"meta":{}},{"ancestorTitles":["Journey Component - Deep Linking"],"fullName":"Journey Component - Deep Linking should handle invalid journey IDs gracefully","status":"passed","title":"should handle invalid journey IDs gracefully","duration":8.18465500000002,"failureMessages":[],"meta":{}},{"ancestorTitles":["Journey Component - Deep Linking"],"fullName":"Journey Component - Deep Linking should render without journeyId parameter","status":"passed","title":"should render without journeyId parameter","duration":18.920866999999816,"failureMessages":[],"meta":{}},{"ancestorTitles":["Journey Component - Deep Linking"],"fullName":"Journey Component - Deep Linking should work with all valid persona IDs","status":"failed","title":"should work with all valid persona IDs","duration":7.416463999999905,"failureMessages":["TypeError: Cannot read properties of undefined (reading 'selectedPersona')\n    at /home/alaeddine/Documents/journey_mfai_back_front/journey-simulator/src/pages/Journey.tsx:42:62\n    at Object.react_stack_bottom_frame (/home/alaeddine/Documents/journey_mfai_back_front/journey-simulator/node_modules/react-dom/cjs/react-dom-client.development.js:25989:20)\n    at runWithFiberInDEV (/home/alaeddine/Documents/journey_mfai_back_front/journey-simulator/node_modules/react-dom/cjs/react-dom-client.development.js:874:13)\n    at commitHookEffectListMount (/home/alaeddine/Documents/journey_mfai_back_front/journey-simulator/node_modules/react-dom/cjs/react-dom-client.development.js:13249:29)\n    at commitHookPassiveMountEffects (/home/alaeddine/Documents/journey_mfai_back_front/journey-simulator/node_modules/react-dom/cjs/react-dom-client.development.js:13336:11)\n    at commitPassiveMountOnFiber (/home/alaeddine/Documents/journey_mfai_back_front/journey-simulator/node_modules/react-dom/cjs/react-dom-client.development.js:15484:13)\n    at recursivelyTraversePassiveMountEffects (/home/alaeddine/Documents/journey_mfai_back_front/journey-simulator/node_modules/react-dom/cjs/react-dom-client.development.js:15439:11)\n    at commitPassiveMountOnFiber (/home/alaeddine/Documents/journey_mfai_back_front/journey-simulator/node_modules/react-dom/cjs/react-dom-client.development.js:15718:11)\n    at recursivelyTraversePassiveMountEffects (/home/alaeddine/Documents/journey_mfai_back_front/journey-simulator/node_modules/react-dom/cjs/react-dom-client.development.js:15439:11)\n    at commitPassiveMountOnFiber (/home/alaeddine/Documents/journey_mfai_back_front/journey-simulator/node_modules/react-dom/cjs/react-dom-client.development.js:15476:11)"],"meta":{}}],"startTime":1767449644050,"endTime":1767449644141.4165,"status":"failed","message":"","name":"/home/alaeddine/Documents/journey_mfai_back_front/journey-simulator/src/test/Journey.deep-linking.test.tsx"},{"assertionResults":[{"ancestorTitles":["NFTMintingModal"],"fullName":"NFTMintingModal runs simulate then execute and shows tx signature + explorer link","status":"passed","title":"runs simulate then execute and shows tx signature + explorer link","duration":305.49524500000007,"failureMessages":[],"meta":{}}],"startTime":1767449644000,"endTime":1767449644305.4954,"status":"passed","message":"","name":"/home/alaeddine/Documents/journey_mfai_back_front/journey-simulator/src/components/__tests__/NFTMintingModal.test.tsx"},{"assertionResults":[{"ancestorTitles":["UIBlocksRenderer"],"fullName":"UIBlocksRenderer renders quiz and shows explanation","status":"passed","title":"renders quiz and shows explanation","duration":84.30040800000006,"failureMessages":[],"meta":{}},{"ancestorTitles":["UIBlocksRenderer"],"fullName":"UIBlocksRenderer renders document with basic markdown","status":"passed","title":"renders document with basic markdown","duration":19.5897130000003,"failureMessages":[],"meta":{}}],"startTime":1767449644077,"endTime":1767449644180.5896,"status":"passed","message":"","name":"/home/alaeddine/Documents/journey_mfai_back_front/journey-simulator/src/components/__tests__/UIBlocksRenderer.test.tsx"},{"assertionResults":[{"ancestorTitles":["WalletButton"],"fullName":"WalletButton shows wallet error feedback when walletError event fires","status":"passed","title":"shows wallet error feedback when walletError event fires","duration":76.8353119999997,"failureMessages":[],"meta":{}},{"ancestorTitles":["WalletButton"],"fullName":"WalletButton tries to reconnect when the user selects retry","status":"passed","title":"tries to reconnect when the user selects retry","duration":191.8996259999999,"failureMessages":[],"meta":{}}],"startTime":1767449644237,"endTime":1767449644505.8997,"status":"passed","message":"","name":"/home/alaeddine/Documents/journey_mfai_back_front/journey-simulator/src/components/__tests__/WalletButton.test.tsx"},{"assertionResults":[{"ancestorTitles":["WalletContext helpers"],"fullName":"WalletContext helpers falls back to devnet when no network env is set","status":"passed","title":"falls back to devnet when no network env is set","duration":1.5463409999997566,"failureMessages":[],"meta":{}},{"ancestorTitles":["WalletContext helpers"],"fullName":"WalletContext helpers maps custom network values to adapter constants","status":"passed","title":"maps custom network values to adapter constants","duration":0.5570849999999155,"failureMessages":[],"meta":{}},{"ancestorTitles":["WalletContext helpers"],"fullName":"WalletContext helpers returns override endpoint when provided","status":"passed","title":"returns override endpoint when provided","duration":0.4309290000001056,"failureMessages":[],"meta":{}},{"ancestorTitles":["WalletContextProvider integration"],"fullName":"WalletContextProvider integration announces available adapters after initialization","status":"passed","title":"announces available adapters after initialization","duration":45.873755000000074,"failureMessages":[],"meta":{}}],"startTime":1767449643942,"endTime":1767449643990.8738,"status":"passed","message":"","name":"/home/alaeddine/Documents/journey_mfai_back_front/journey-simulator/src/contexts/__tests__/WalletContext.test.tsx"},{"assertionResults":[{"ancestorTitles":["Journey Store - Phase Completion"],"fullName":"Journey Store - Phase Completion should correctly complete a phase and trigger a progress reload","status":"failed","title":"should correctly complete a phase and trigger a progress reload","duration":46.2545090000001,"failureMessages":["AssertionError: expected 60 to be 500 // Object.is equality\n    at /home/alaeddine/Documents/journey_mfai_back_front/journey-simulator/src/store/__tests__/journeyStore.test.ts:96:51\n    at processTicksAndRejections (node:internal/process/task_queues:105:5)\n    at file:///home/alaeddine/Documents/journey_mfai_back_front/journey-simulator/node_modules/@vitest/runner/dist/index.js:915:20"],"meta":{}},{"ancestorTitles":["Journey Store - Phase Completion"],"fullName":"Journey Store - Phase Completion should not allow completing a phase that is already completed","status":"passed","title":"should not allow completing a phase that is already completed","duration":0.7949009999999817,"failureMessages":[],"meta":{}}],"startTime":1767449643566,"endTime":1767449643612.795,"status":"failed","message":"","name":"/home/alaeddine/Documents/journey_mfai_back_front/journey-simulator/src/store/__tests__/journeyStore.test.ts"},{"assertionResults":[{"ancestorTitles":["journeyStore wallet integration"],"fullName":"journeyStore wallet integration stores wallet details when connection succeeds","status":"passed","title":"stores wallet details when connection succeeds","duration":1.9948530000000346,"failureMessages":[],"meta":{}},{"ancestorTitles":["journeyStore wallet integration"],"fullName":"journeyStore wallet integration clears wallet details when disconnecting","status":"passed","title":"clears wallet details when disconnecting","duration":0.5050680000000511,"failureMessages":[],"meta":{}}],"startTime":1767449644121,"endTime":1767449644123.5051,"status":"passed","message":"","name":"/home/alaeddine/Documents/journey_mfai_back_front/journey-simulator/src/store/__tests__/journeyStore.wallet.test.ts"},{"assertionResults":[{"ancestorTitles":["setupIgnoreExtensionErrors"],"fullName":"setupIgnoreExtensionErrors ignores errors coming from browser extensions (chrome-extension://)","status":"passed","title":"ignores errors coming from browser extensions (chrome-extension://)","duration":4.824029999999993,"failureMessages":[],"meta":{}}],"startTime":1767449643194,"endTime":1767449643198.824,"status":"passed","message":"","name":"/home/alaeddine/Documents/journey_mfai_back_front/journey-simulator/src/utils/__tests__/ignoreExtensionErrors.test.ts"},{"assertionResults":[{"ancestorTitles":["JourneyCard"],"fullName":"JourneyCard does not expose demo controls in the real journeys list","status":"passed","title":"does not expose demo controls in the real journeys list","duration":220.88939500000015,"failureMessages":[],"meta":{}}],"startTime":1767449643905,"endTime":1767449644125.8894,"status":"passed","message":"","name":"/home/alaeddine/Documents/journey_mfai_back_front/journey-simulator/src/components/Journey/__tests__/JourneyCard.test.tsx"},{"assertionResults":[{"ancestorTitles":["JourneyNextActionsPanel"],"fullName":"JourneyNextActionsPanel renders panel with actions when phase is found","status":"passed","title":"renders panel with actions when phase is found","duration":90.1939040000002,"failureMessages":[],"meta":{}},{"ancestorTitles":["JourneyNextActionsPanel"],"fullName":"JourneyNextActionsPanel renders informative empty state if phase not found","status":"passed","title":"renders informative empty state if phase not found","duration":6.997949000000062,"failureMessages":[],"meta":{}}],"startTime":1767449644012,"endTime":1767449644109.998,"status":"passed","message":"","name":"/home/alaeddine/Documents/journey_mfai_back_front/journey-simulator/src/components/Journey/__tests__/JourneyNextActionsPanel.test.tsx"},{"assertionResults":[{"ancestorTitles":["JourneyProgressBar"],"fullName":"JourneyProgressBar renders correctly","status":"passed","title":"renders correctly","duration":67.67482500000006,"failureMessages":[],"meta":{}},{"ancestorTitles":["JourneyProgressBar"],"fullName":"JourneyProgressBar highlights the current step with status badge","status":"passed","title":"highlights the current step with status badge","duration":20.21646899999996,"failureMessages":[],"meta":{}},{"ancestorTitles":["JourneyProgressBar"],"fullName":"JourneyProgressBar renders all phases","status":"passed","title":"renders all phases","duration":13.728495999999723,"failureMessages":[],"meta":{}}],"startTime":1767449644043,"endTime":1767449644144.7285,"status":"passed","message":"","name":"/home/alaeddine/Documents/journey_mfai_back_front/journey-simulator/src/components/Journey/__tests__/JourneyProgressBar.test.tsx"},{"assertionResults":[{"ancestorTitles":["JourneyTimeline"],"fullName":"JourneyTimeline renders phases correctly","status":"passed","title":"renders phases correctly","duration":69.3436670000001,"failureMessages":[],"meta":{}},{"ancestorTitles":["JourneyTimeline"],"fullName":"JourneyTimeline marks the current phase as active","status":"passed","title":"marks the current phase as active","duration":186.40231500000004,"failureMessages":[],"meta":{}},{"ancestorTitles":["JourneyTimeline"],"fullName":"JourneyTimeline calls onPhaseChange when a completed or active phase is clicked","status":"passed","title":"calls onPhaseChange when a completed or active phase is clicked","duration":66.37684200000012,"failureMessages":[],"meta":{}},{"ancestorTitles":["JourneyTimeline"],"fullName":"JourneyTimeline does not call onPhaseChange when a locked phase is clicked","status":"passed","title":"does not call onPhaseChange when a locked phase is clicked","duration":33.99282399999993,"failureMessages":[],"meta":{}}],"startTime":1767449643412,"endTime":1767449643767.993,"status":"passed","message":"","name":"/home/alaeddine/Documents/journey_mfai_back_front/journey-simulator/src/components/Journey/__tests__/JourneyTimeline.test.tsx"},{"assertionResults":[{"ancestorTitles":["JourneyWorkspace"],"fullName":"JourneyWorkspace renders correctly with selected persona","status":"passed","title":"renders correctly with selected persona","duration":83.52655600000026,"failureMessages":[],"meta":{}},{"ancestorTitles":["JourneyWorkspace"],"fullName":"JourneyWorkspace triggers runInteractiveStep automatically on mount","status":"passed","title":"triggers runInteractiveStep automatically on mount","duration":25.307680000000346,"failureMessages":[],"meta":{}},{"ancestorTitles":["JourneyWorkspace"],"fullName":"JourneyWorkspace shows loading state when isStepLoading is true","status":"passed","title":"shows loading state when isStepLoading is true","duration":12.684899000000314,"failureMessages":[],"meta":{}},{"ancestorTitles":["JourneyWorkspace"],"fullName":"JourneyWorkspace renders UIBlocksRenderer when lastStep is present","status":"passed","title":"renders UIBlocksRenderer when lastStep is present","duration":23.458760999999868,"failureMessages":[],"meta":{}},{"ancestorTitles":["JourneyWorkspace"],"fullName":"JourneyWorkspace shows Complete Phase button when current phase is the last completed one (active)","status":"passed","title":"shows Complete Phase button when current phase is the last completed one (active)","duration":24.13104199999998,"failureMessages":[],"meta":{}},{"ancestorTitles":["JourneyWorkspace"],"fullName":"JourneyWorkspace calls completePhase when Complete Phase button is clicked","status":"passed","title":"calls completePhase when Complete Phase button is clicked","duration":78.16633899999988,"failureMessages":[],"meta":{}}],"startTime":1767449644496,"endTime":1767449644743.1663,"status":"passed","message":"","name":"/home/alaeddine/Documents/journey_mfai_back_front/journey-simulator/src/components/Journey/__tests__/JourneyWorkspace.test.tsx"},{"assertionResults":[{"ancestorTitles":["NFT Integration in JourneyWorkspace"],"fullName":"NFT Integration in JourneyWorkspace opens NFTProofModal with correct image URL after phase completion","status":"passed","title":"opens NFTProofModal with correct image URL after phase completion","duration":1124.0268370000003,"failureMessages":[],"meta":{}}],"startTime":1767449644499,"endTime":1767449645623.0269,"status":"passed","message":"","name":"/home/alaeddine/Documents/journey_mfai_back_front/journey-simulator/src/components/Journey/__tests__/NFTIntegration.test.tsx"},{"assertionResults":[{"ancestorTitles":["AgentFeedbackModal"],"fullName":"AgentFeedbackModal auto closes the modal shortly after a successful submission","status":"passed","title":"auto closes the modal shortly after a successful submission","duration":226.44868700000006,"failureMessages":[],"meta":{}}],"startTime":1767449643523,"endTime":1767449643749.4487,"status":"passed","message":"","name":"/home/alaeddine/Documents/journey_mfai_back_front/journey-simulator/src/components/Zyno/__tests__/AgentFeedbackModal.test.tsx"},{"assertionResults":[{"ancestorTitles":["ZynoConsole"],"fullName":"ZynoConsole enables mission launch and renders mission feedback after success","status":"passed","title":"enables mission launch and renders mission feedback after success","duration":1343.588572,"failureMessages":[],"meta":{}},{"ancestorTitles":["ZynoConsole"],"fullName":"ZynoConsole should display a timeout error immediately if fetch rejects with AbortError","status":"passed","title":"should display a timeout error immediately if fetch rejects with AbortError","duration":657.8174050000002,"failureMessages":[],"meta":{}}],"startTime":1767449643605,"endTime":1767449645606.8174,"status":"passed","message":"","name":"/home/alaeddine/Documents/journey_mfai_back_front/journey-simulator/src/components/Zyno/__tests__/ZynoConsole.test.tsx"}]}