{"numTotalTestSuites":33,"numPassedTestSuites":29,"numFailedTestSuites":4,"numPendingTestSuites":0,"numTotalTests":39,"numPassedTests":35,"numFailedTests":4,"numPendingTests":0,"numTodoTests":0,"snapshot":{"added":0,"failure":false,"filesAdded":0,"filesRemoved":0,"filesRemovedList":[],"filesUnmatched":0,"filesUpdated":0,"matched":0,"total":0,"unchecked":0,"uncheckedKeysByFile":[],"unmatched":0,"updated":0,"didUpdate":false},"startTime":1767449615427,"success":false,"testResults":[{"assertionResults":[{"ancestorTitles":["Journey Component - Deep Linking"],"fullName":"Journey Component - Deep Linking should auto-select persona when journeyId is in URL","status":"failed","title":"should auto-select persona when journeyId is in URL","duration":43.71685100000013,"failureMessages":["TypeError: Cannot read properties of undefined (reading 'selectedPersona')\n    at /home/alaeddine/Documents/journey_mfai_back_front/journey-simulator/src/pages/Journey.tsx:42:62\n    at Object.react_stack_bottom_frame (/home/alaeddine/Documents/journey_mfai_back_front/journey-simulator/node_modules/react-dom/cjs/react-dom-client.development.js:25989:20)\n    at runWithFiberInDEV (/home/alaeddine/Documents/journey_mfai_back_front/journey-simulator/node_modules/react-dom/cjs/react-dom-client.development.js:874:13)\n    at commitHookEffectListMount (/home/alaeddine/Documents/journey_mfai_back_front/journey-simulator/node_modules/react-dom/cjs/react-dom-client.development.js:13249:29)\n    at commitHookPassiveMountEffects (/home/alaeddine/Documents/journey_mfai_back_front/journey-simulator/node_modules/react-dom/cjs/react-dom-client.development.js:13336:11)\n    at commitPassiveMountOnFiber (/home/alaeddine/Documents/journey_mfai_back_front/journey-simulator/node_modules/react-dom/cjs/react-dom-client.development.js:15484:13)\n    at recursivelyTraversePassiveMountEffects (/home/alaeddine/Documents/journey_mfai_back_front/journey-simulator/node_modules/react-dom/cjs/react-dom-client.development.js:15439:11)\n    at commitPassiveMountOnFiber (/home/alaeddine/Documents/journey_mfai_back_front/journey-simulator/node_modules/react-dom/cjs/react-dom-client.development.js:15718:11)\n    at recursivelyTraversePassiveMountEffects (/home/alaeddine/Documents/journey_mfai_back_front/journey-simulator/node_modules/react-dom/cjs/react-dom-client.development.js:15439:11)\n    at commitPassiveMountOnFiber (/home/alaeddine/Documents/journey_mfai_back_front/journey-simulator/node_modules/react-dom/cjs/react-dom-client.development.js:15476:11)"],"meta":{}},{"ancestorTitles":["Journey Component - Deep Linking"],"fullName":"Journey Component - Deep Linking should not auto-select if persona is already selected","status":"failed","title":"should not auto-select if persona is already selected","duration":5.989579000000049,"failureMessages":["TypeError: Cannot read properties of undefined (reading 'selectedPersona')\n    at /home/alaeddine/Documents/journey_mfai_back_front/journey-simulator/src/pages/Journey.tsx:42:62\n    at Object.react_stack_bottom_frame (/home/alaeddine/Documents/journey_mfai_back_front/journey-simulator/node_modules/react-dom/cjs/react-dom-client.development.js:25989:20)\n    at runWithFiberInDEV (/home/alaeddine/Documents/journey_mfai_back_front/journey-simulator/node_modules/react-dom/cjs/react-dom-client.development.js:874:13)\n    at commitHookEffectListMount (/home/alaeddine/Documents/journey_mfai_back_front/journey-simulator/node_modules/react-dom/cjs/react-dom-client.development.js:13249:29)\n    at commitHookPassiveMountEffects (/home/alaeddine/Documents/journey_mfai_back_front/journey-simulator/node_modules/react-dom/cjs/react-dom-client.development.js:13336:11)\n    at commitPassiveMountOnFiber (/home/alaeddine/Documents/journey_mfai_back_front/journey-simulator/node_modules/react-dom/cjs/react-dom-client.development.js:15484:13)\n    at recursivelyTraversePassiveMountEffects (/home/alaeddine/Documents/journey_mfai_back_front/journey-simulator/node_modules/react-dom/cjs/react-dom-client.development.js:15439:11)\n    at commitPassiveMountOnFiber (/home/alaeddine/Documents/journey_mfai_back_front/journey-simulator/node_modules/react-dom/cjs/react-dom-client.development.js:15718:11)\n    at recursivelyTraversePassiveMountEffects (/home/alaeddine/Documents/journey_mfai_back_front/journey-simulator/node_modules/react-dom/cjs/react-dom-client.development.js:15439:11)\n    at commitPassiveMountOnFiber (/home/alaeddine/Documents/journey_mfai_back_front/journey-simulator/node_modules/react-dom/cjs/react-dom-client.development.js:15476:11)"],"meta":{}},{"ancestorTitles":["Journey Component - Deep Linking"],"fullName":"Journey Component - Deep Linking should handle invalid journey IDs gracefully","status":"passed","title":"should handle invalid journey IDs gracefully","duration":8.847841999999673,"failureMessages":[],"meta":{}},{"ancestorTitles":["Journey Component - Deep Linking"],"fullName":"Journey Component - Deep Linking should render without journeyId parameter","status":"passed","title":"should render without journeyId parameter","duration":17.48907599999984,"failureMessages":[],"meta":{}},{"ancestorTitles":["Journey Component - Deep Linking"],"fullName":"Journey Component - Deep Linking should work with all valid persona IDs","status":"failed","title":"should work with all valid persona IDs","duration":4.5966450000000805,"failureMessages":["TypeError: Cannot read properties of undefined (reading 'selectedPersona')\n    at /home/alaeddine/Documents/journey_mfai_back_front/journey-simulator/src/pages/Journey.tsx:42:62\n    at Object.react_stack_bottom_frame (/home/alaeddine/Documents/journey_mfai_back_front/journey-simulator/node_modules/react-dom/cjs/react-dom-client.development.js:25989:20)\n    at runWithFiberInDEV (/home/alaeddine/Documents/journey_mfai_back_front/journey-simulator/node_modules/react-dom/cjs/react-dom-client.development.js:874:13)\n    at commitHookEffectListMount (/home/alaeddine/Documents/journey_mfai_back_front/journey-simulator/node_modules/react-dom/cjs/react-dom-client.development.js:13249:29)\n    at commitHookPassiveMountEffects (/home/alaeddine/Documents/journey_mfai_back_front/journey-simulator/node_modules/react-dom/cjs/react-dom-client.development.js:13336:11)\n    at commitPassiveMountOnFiber (/home/alaeddine/Documents/journey_mfai_back_front/journey-simulator/node_modules/react-dom/cjs/react-dom-client.development.js:15484:13)\n    at recursivelyTraversePassiveMountEffects (/home/alaeddine/Documents/journey_mfai_back_front/journey-simulator/node_modules/react-dom/cjs/react-dom-client.development.js:15439:11)\n    at commitPassiveMountOnFiber (/home/alaeddine/Documents/journey_mfai_back_front/journey-simulator/node_modules/react-dom/cjs/react-dom-client.development.js:15718:11)\n    at recursivelyTraversePassiveMountEffects (/home/alaeddine/Documents/journey_mfai_back_front/journey-simulator/node_modules/react-dom/cjs/react-dom-client.development.js:15439:11)\n    at commitPassiveMountOnFiber (/home/alaeddine/Documents/journey_mfai_back_front/journey-simulator/node_modules/react-dom/cjs/react-dom-client.development.js:15476:11)"],"meta":{}}],"startTime":1767449618016,"endTime":1767449618096.5967,"status":"failed","message":"","name":"/home/alaeddine/Documents/journey_mfai_back_front/journey-simulator/src/test/Journey.deep-linking.test.tsx"},{"assertionResults":[{"ancestorTitles":["NFTMintingModal"],"fullName":"NFTMintingModal runs simulate then execute and shows tx signature + explorer link","status":"passed","title":"runs simulate then execute and shows tx signature + explorer link","duration":277.00974899999983,"failureMessages":[],"meta":{}}],"startTime":1767449617852,"endTime":1767449618129.0098,"status":"passed","message":"","name":"/home/alaeddine/Documents/journey_mfai_back_front/journey-simulator/src/components/__tests__/NFTMintingModal.test.tsx"},{"assertionResults":[{"ancestorTitles":["UIBlocksRenderer"],"fullName":"UIBlocksRenderer renders quiz and shows explanation","status":"passed","title":"renders quiz and shows explanation","duration":72.94152900000017,"failureMessages":[],"meta":{}},{"ancestorTitles":["UIBlocksRenderer"],"fullName":"UIBlocksRenderer renders document with basic markdown","status":"passed","title":"renders document with basic markdown","duration":12.09467399999994,"failureMessages":[],"meta":{}}],"startTime":1767449618006,"endTime":1767449618091.0947,"status":"passed","message":"","name":"/home/alaeddine/Documents/journey_mfai_back_front/journey-simulator/src/components/__tests__/UIBlocksRenderer.test.tsx"},{"assertionResults":[{"ancestorTitles":["WalletButton"],"fullName":"WalletButton shows wallet error feedback when walletError event fires","status":"passed","title":"shows wallet error feedback when walletError event fires","duration":60.57059600000002,"failureMessages":[],"meta":{}},{"ancestorTitles":["WalletButton"],"fullName":"WalletButton tries to reconnect when the user selects retry","status":"passed","title":"tries to reconnect when the user selects retry","duration":175.77264399999967,"failureMessages":[],"meta":{}}],"startTime":1767449618138,"endTime":1767449618373.7727,"status":"passed","message":"","name":"/home/alaeddine/Documents/journey_mfai_back_front/journey-simulator/src/components/__tests__/WalletButton.test.tsx"},{"assertionResults":[{"ancestorTitles":["WalletContext helpers"],"fullName":"WalletContext helpers falls back to devnet when no network env is set","status":"passed","title":"falls back to devnet when no network env is set","duration":1.5112060000001293,"failureMessages":[],"meta":{}},{"ancestorTitles":["WalletContext helpers"],"fullName":"WalletContext helpers maps custom network values to adapter constants","status":"passed","title":"maps custom network values to adapter constants","duration":0.5473669999996673,"failureMessages":[],"meta":{}},{"ancestorTitles":["WalletContext helpers"],"fullName":"WalletContext helpers returns override endpoint when provided","status":"passed","title":"returns override endpoint when provided","duration":0.48883799999975963,"failureMessages":[],"meta":{}},{"ancestorTitles":["WalletContextProvider integration"],"fullName":"WalletContextProvider integration announces available adapters after initialization","status":"passed","title":"announces available adapters after initialization","duration":51.590936000000056,"failureMessages":[],"meta":{}}],"startTime":1767449617854,"endTime":1767449617907.5908,"status":"passed","message":"","name":"/home/alaeddine/Documents/journey_mfai_back_front/journey-simulator/src/contexts/__tests__/WalletContext.test.tsx"},{"assertionResults":[{"ancestorTitles":["Journey Store - Phase Completion"],"fullName":"Journey Store - Phase Completion should correctly complete a phase and trigger a progress reload","status":"failed","title":"should correctly complete a phase and trigger a progress reload","duration":38.23303099999998,"failureMessages":["AssertionError: expected 60 to be 500 // Object.is equality\n    at /home/alaeddine/Documents/journey_mfai_back_front/journey-simulator/src/store/__tests__/journeyStore.test.ts:96:51\n    at processTicksAndRejections (node:internal/process/task_queues:105:5)\n    at file:///home/alaeddine/Documents/journey_mfai_back_front/journey-simulator/node_modules/@vitest/runner/dist/index.js:915:20"],"meta":{}},{"ancestorTitles":["Journey Store - Phase Completion"],"fullName":"Journey Store - Phase Completion should not allow completing a phase that is already completed","status":"passed","title":"should not allow completing a phase that is already completed","duration":0.8408380000000761,"failureMessages":[],"meta":{}}],"startTime":1767449617433,"endTime":1767449617471.8408,"status":"failed","message":"","name":"/home/alaeddine/Documents/journey_mfai_back_front/journey-simulator/src/store/__tests__/journeyStore.test.ts"},{"assertionResults":[{"ancestorTitles":["journeyStore wallet integration"],"fullName":"journeyStore wallet integration stores wallet details when connection succeeds","status":"passed","title":"stores wallet details when connection succeeds","duration":1.7993360000000393,"failureMessages":[],"meta":{}},{"ancestorTitles":["journeyStore wallet integration"],"fullName":"journeyStore wallet integration clears wallet details when disconnecting","status":"passed","title":"clears wallet details when disconnecting","duration":0.38394000000016604,"failureMessages":[],"meta":{}}],"startTime":1767449617853,"endTime":1767449617855.384,"status":"passed","message":"","name":"/home/alaeddine/Documents/journey_mfai_back_front/journey-simulator/src/store/__tests__/journeyStore.wallet.test.ts"},{"assertionResults":[{"ancestorTitles":["setupIgnoreExtensionErrors"],"fullName":"setupIgnoreExtensionErrors ignores errors coming from browser extensions (chrome-extension://)","status":"passed","title":"ignores errors coming from browser extensions (chrome-extension://)","duration":4.101887000000033,"failureMessages":[],"meta":{}}],"startTime":1767449618170,"endTime":1767449618174.1018,"status":"passed","message":"","name":"/home/alaeddine/Documents/journey_mfai_back_front/journey-simulator/src/utils/__tests__/ignoreExtensionErrors.test.ts"},{"assertionResults":[{"ancestorTitles":["JourneyCard"],"fullName":"JourneyCard does not expose demo controls in the real journeys list","status":"passed","title":"does not expose demo controls in the real journeys list","duration":209.448445,"failureMessages":[],"meta":{}}],"startTime":1767449617845,"endTime":1767449618054.4485,"status":"passed","message":"","name":"/home/alaeddine/Documents/journey_mfai_back_front/journey-simulator/src/components/Journey/__tests__/JourneyCard.test.tsx"},{"assertionResults":[{"ancestorTitles":["JourneyNextActionsPanel"],"fullName":"JourneyNextActionsPanel renders panel with actions when phase is found","status":"passed","title":"renders panel with actions when phase is found","duration":68.8528080000001,"failureMessages":[],"meta":{}},{"ancestorTitles":["JourneyNextActionsPanel"],"fullName":"JourneyNextActionsPanel renders informative empty state if phase not found","status":"passed","title":"renders informative empty state if phase not found","duration":5.809481000000233,"failureMessages":[],"meta":{}}],"startTime":1767449617945,"endTime":1767449618019.8096,"status":"passed","message":"","name":"/home/alaeddine/Documents/journey_mfai_back_front/journey-simulator/src/components/Journey/__tests__/JourneyNextActionsPanel.test.tsx"},{"assertionResults":[{"ancestorTitles":["JourneyProgressBar"],"fullName":"JourneyProgressBar renders correctly","status":"passed","title":"renders correctly","duration":59.96255499999961,"failureMessages":[],"meta":{}},{"ancestorTitles":["JourneyProgressBar"],"fullName":"JourneyProgressBar highlights the current step with status badge","status":"passed","title":"highlights the current step with status badge","duration":20.965349999999944,"failureMessages":[],"meta":{}},{"ancestorTitles":["JourneyProgressBar"],"fullName":"JourneyProgressBar renders all phases","status":"passed","title":"renders all phases","duration":9.398164999999608,"failureMessages":[],"meta":{}}],"startTime":1767449617853,"endTime":1767449617943.3982,"status":"passed","message":"","name":"/home/alaeddine/Documents/journey_mfai_back_front/journey-simulator/src/components/Journey/__tests__/JourneyProgressBar.test.tsx"},{"assertionResults":[{"ancestorTitles":["JourneyTimeline"],"fullName":"JourneyTimeline renders phases correctly","status":"passed","title":"renders phases correctly","duration":59.919354999999996,"failureMessages":[],"meta":{}},{"ancestorTitles":["JourneyTimeline"],"fullName":"JourneyTimeline marks the current phase as active","status":"passed","title":"marks the current phase as active","duration":144.60462000000007,"failureMessages":[],"meta":{}},{"ancestorTitles":["JourneyTimeline"],"fullName":"JourneyTimeline calls onPhaseChange when a completed or active phase is clicked","status":"passed","title":"calls onPhaseChange when a completed or active phase is clicked","duration":63.551550000000134,"failureMessages":[],"meta":{}},{"ancestorTitles":["JourneyTimeline"],"fullName":"JourneyTimeline does not call onPhaseChange when a locked phase is clicked","status":"passed","title":"does not call onPhaseChange when a locked phase is clicked","duration":32.658882000000176,"failureMessages":[],"meta":{}}],"startTime":1767449617477,"endTime":1767449617777.659,"status":"passed","message":"","name":"/home/alaeddine/Documents/journey_mfai_back_front/journey-simulator/src/components/Journey/__tests__/JourneyTimeline.test.tsx"},{"assertionResults":[{"ancestorTitles":["JourneyWorkspace"],"fullName":"JourneyWorkspace renders correctly with selected persona","status":"passed","title":"renders correctly with selected persona","duration":107.13169400000015,"failureMessages":[],"meta":{}},{"ancestorTitles":["JourneyWorkspace"],"fullName":"JourneyWorkspace triggers runInteractiveStep automatically on mount","status":"passed","title":"triggers runInteractiveStep automatically on mount","duration":35.64010599999983,"failureMessages":[],"meta":{}},{"ancestorTitles":["JourneyWorkspace"],"fullName":"JourneyWorkspace shows loading state when isStepLoading is true","status":"passed","title":"shows loading state when isStepLoading is true","duration":17.13065400000005,"failureMessages":[],"meta":{}},{"ancestorTitles":["JourneyWorkspace"],"fullName":"JourneyWorkspace renders UIBlocksRenderer when lastStep is present","status":"passed","title":"renders UIBlocksRenderer when lastStep is present","duration":32.137533000000076,"failureMessages":[],"meta":{}},{"ancestorTitles":["JourneyWorkspace"],"fullName":"JourneyWorkspace shows Complete Phase button when current phase is the last completed one (active)","status":"passed","title":"shows Complete Phase button when current phase is the last completed one (active)","duration":29.263281000000006,"failureMessages":[],"meta":{}},{"ancestorTitles":["JourneyWorkspace"],"fullName":"JourneyWorkspace calls completePhase when Complete Phase button is clicked","status":"passed","title":"calls completePhase when Complete Phase button is clicked","duration":87.58914400000003,"failureMessages":[],"meta":{}}],"startTime":1767449618419,"endTime":1767449618727.589,"status":"passed","message":"","name":"/home/alaeddine/Documents/journey_mfai_back_front/journey-simulator/src/components/Journey/__tests__/JourneyWorkspace.test.tsx"},{"assertionResults":[{"ancestorTitles":["NFT Integration in JourneyWorkspace"],"fullName":"NFT Integration in JourneyWorkspace opens NFTProofModal with correct image URL after phase completion","status":"passed","title":"opens NFTProofModal with correct image URL after phase completion","duration":1107.3248120000003,"failureMessages":[],"meta":{}}],"startTime":1767449618415,"endTime":1767449619522.3247,"status":"passed","message":"","name":"/home/alaeddine/Documents/journey_mfai_back_front/journey-simulator/src/components/Journey/__tests__/NFTIntegration.test.tsx"},{"assertionResults":[{"ancestorTitles":["AgentFeedbackModal"],"fullName":"AgentFeedbackModal auto closes the modal shortly after a successful submission","status":"passed","title":"auto closes the modal shortly after a successful submission","duration":345.4593609999997,"failureMessages":[],"meta":{}}],"startTime":1767449617233,"endTime":1767449617578.4595,"status":"passed","message":"","name":"/home/alaeddine/Documents/journey_mfai_back_front/journey-simulator/src/components/Zyno/__tests__/AgentFeedbackModal.test.tsx"},{"assertionResults":[{"ancestorTitles":["ZynoConsole"],"fullName":"ZynoConsole enables mission launch and renders mission feedback after success","status":"passed","title":"enables mission launch and renders mission feedback after success","duration":1367.7483269999998,"failureMessages":[],"meta":{}},{"ancestorTitles":["ZynoConsole"],"fullName":"ZynoConsole should display a timeout error immediately if fetch rejects with AbortError","status":"passed","title":"should display a timeout error immediately if fetch rejects with AbortError","duration":560.4873550000002,"failureMessages":[],"meta":{}}],"startTime":1767449617544,"endTime":1767449619471.4873,"status":"passed","message":"","name":"/home/alaeddine/Documents/journey_mfai_back_front/journey-simulator/src/components/Zyno/__tests__/ZynoConsole.test.tsx"}]}