{"numFailedTestSuites":0,"numFailedTests":0,"numPassedTestSuites":55,"numPassedTests":357,"numPendingTestSuites":0,"numPendingTests":0,"numRuntimeErrorTestSuites":0,"numTodoTests":0,"numTotalTestSuites":55,"numTotalTests":357,"openHandles":[],"snapshot":{"added":0,"didUpdate":false,"failure":false,"filesAdded":0,"filesRemoved":0,"filesRemovedList":[],"filesUnmatched":0,"filesUpdated":0,"matched":0,"total":0,"unchecked":0,"uncheckedKeysByFile":[],"unmatched":0,"updated":0},"startTime":1767449074523,"success":true,"testResults":[{"assertionResults":[{"ancestorTitles":["Vertical Slice Orchestration"],"duration":41,"failureDetails":[],"failureMessages":[],"fullName":"Vertical Slice Orchestration executes single agent for security intent","invocations":1,"location":null,"numPassingAsserts":10,"retryReasons":[],"status":"passed","title":"executes single agent for security intent"},{"ancestorTitles":["Vertical Slice Orchestration"],"duration":5,"failureDetails":[],"failureMessages":[],"fullName":"Vertical Slice Orchestration executes two agents for composite intent and calls RAG once","invocations":1,"location":null,"numPassingAsserts":9,"retryReasons":[],"status":"passed","title":"executes two agents for composite intent and calls RAG once"},{"ancestorTitles":["Vertical Slice Orchestration"],"duration":2,"failureDetails":[],"failureMessages":[],"fullName":"Vertical Slice Orchestration falls back to ProductSpecAgent on unknown intent","invocations":1,"location":null,"numPassingAsserts":4,"retryReasons":[],"status":"passed","title":"falls back to ProductSpecAgent on unknown intent"},{"ancestorTitles":["Vertical Slice Orchestration"],"duration":15,"failureDetails":[],"failureMessages":[],"fullName":"Vertical Slice Orchestration marks TIMEOUT when agent exceeds timeout","invocations":1,"location":null,"numPassingAsserts":5,"retryReasons":[],"status":"passed","title":"marks TIMEOUT when agent exceeds timeout"},{"ancestorTitles":["Vertical Slice Orchestration"],"duration":2,"failureDetails":[],"failureMessages":[],"fullName":"Vertical Slice Orchestration marks FAIL when agent throws and continues","invocations":1,"location":null,"numPassingAsserts":4,"retryReasons":[],"status":"passed","title":"marks FAIL when agent throws and continues"},{"ancestorTitles":["Vertical Slice Orchestration"],"duration":3,"failureDetails":[],"failureMessages":[],"fullName":"Vertical Slice Orchestration creates decision with scoring and ordered actions","invocations":1,"location":null,"numPassingAsserts":6,"retryReasons":[],"status":"passed","title":"creates decision with scoring and ordered actions"},{"ancestorTitles":["Vertical Slice Orchestration"],"duration":3,"failureDetails":[],"failureMessages":[],"fullName":"Vertical Slice Orchestration detects contradictions between agents","invocations":1,"location":null,"numPassingAsserts":4,"retryReasons":[],"status":"passed","title":"detects contradictions between agents"},{"ancestorTitles":["Vertical Slice Orchestration"],"duration":3,"failureDetails":[],"failureMessages":[],"fullName":"Vertical Slice Orchestration returns GovernanceDAOAgent OK (real) when intent targets governance DAO","invocations":1,"location":null,"numPassingAsserts":3,"retryReasons":[],"status":"passed","title":"returns GovernanceDAOAgent OK (real) when intent targets governance DAO"},{"ancestorTitles":["Vertical Slice Orchestration"],"duration":4,"failureDetails":[],"failureMessages":[],"fullName":"Vertical Slice Orchestration uses workflow mapping to add agents per journey phase","invocations":1,"location":null,"numPassingAsserts":4,"retryReasons":[],"status":"passed","title":"uses workflow mapping to add agents per journey phase"},{"ancestorTitles":["Vertical Slice Orchestration"],"duration":2,"failureDetails":[],"failureMessages":[],"fullName":"Vertical Slice Orchestration passes domain into RAG query for best-effort contextualization","invocations":1,"location":null,"numPassingAsserts":1,"retryReasons":[],"status":"passed","title":"passes domain into RAG query for best-effort contextualization"},{"ancestorTitles":["Vertical Slice Orchestration"],"duration":6,"failureDetails":[],"failureMessages":[],"fullName":"Vertical Slice Orchestration applies rag policy (max citations, trimmed quotes)","invocations":1,"location":null,"numPassingAsserts":2,"retryReasons":[],"status":"passed","title":"applies rag policy (max citations, trimmed quotes)"},{"ancestorTitles":["Vertical Slice Orchestration"],"duration":3,"failureDetails":[],"failureMessages":[],"fullName":"Vertical Slice Orchestration exposes budgets per agent and completes even with WARN","invocations":1,"location":null,"numPassingAsserts":4,"retryReasons":[],"status":"passed","title":"exposes budgets per agent and completes even with WARN"},{"ancestorTitles":["Vertical Slice Orchestration"],"duration":2,"failureDetails":[],"failureMessages":[],"fullName":"Vertical Slice Orchestration reports system status, agentsMeta and ignores disabled agents","invocations":1,"location":null,"numPassingAsserts":5,"retryReasons":[],"status":"passed","title":"reports system status, agentsMeta and ignores disabled agents"},{"ancestorTitles":["Vertical Slice Orchestration"],"duration":2,"failureDetails":[],"failureMessages":[],"fullName":"Vertical Slice Orchestration chains multiple journey phases in order","invocations":1,"location":null,"numPassingAsserts":4,"retryReasons":[],"status":"passed","title":"chains multiple journey phases in order"},{"ancestorTitles":["Vertical Slice Orchestration"],"duration":2,"failureDetails":[],"failureMessages":[],"fullName":"Vertical Slice Orchestration responds with WARN when all agents warn","invocations":1,"location":null,"numPassingAsserts":2,"retryReasons":[],"status":"passed","title":"responds with WARN when all agents warn"},{"ancestorTitles":["Vertical Slice Orchestration"],"duration":1,"failureDetails":[],"failureMessages":[],"fullName":"Vertical Slice Orchestration exposes ops diagnostics with disabled agents and warnings","invocations":1,"location":null,"numPassingAsserts":4,"retryReasons":[],"status":"passed","title":"exposes ops diagnostics with disabled agents and warnings"},{"ancestorTitles":["Vertical Slice Orchestration"],"duration":1,"failureDetails":[],"failureMessages":[],"fullName":"Vertical Slice Orchestration blocks REAL via productionGuards when contradictions exist","invocations":1,"location":null,"numPassingAsserts":5,"retryReasons":[],"status":"passed","title":"blocks REAL via productionGuards when contradictions exist"},{"ancestorTitles":["Vertical Slice Orchestration"],"duration":2,"failureDetails":[],"failureMessages":[],"fullName":"Vertical Slice Orchestration returns WARN and warning flag on invalid input schema","invocations":1,"location":null,"numPassingAsserts":3,"retryReasons":[],"status":"passed","title":"returns WARN and warning flag on invalid input schema"},{"ancestorTitles":["Vertical Slice Orchestration"],"duration":2,"failureDetails":[],"failureMessages":[],"fullName":"Vertical Slice Orchestration sanitizes malformed agent response without throwing","invocations":1,"location":null,"numPassingAsserts":2,"retryReasons":[],"status":"passed","title":"sanitizes malformed agent response without throwing"},{"ancestorTitles":["Vertical Slice Orchestration"],"duration":1,"failureDetails":[],"failureMessages":[],"fullName":"Vertical Slice Orchestration returns cached response and marks idempotent replay","invocations":1,"location":null,"numPassingAsserts":4,"retryReasons":[],"status":"passed","title":"returns cached response and marks idempotent replay"},{"ancestorTitles":["Vertical Slice Orchestration"],"duration":1,"failureDetails":[],"failureMessages":[],"fullName":"Vertical Slice Orchestration replays gate PENDING response without recalculation","invocations":1,"location":null,"numPassingAsserts":3,"retryReasons":[],"status":"passed","title":"replays gate PENDING response without recalculation"},{"ancestorTitles":["Vertical Slice Orchestration"],"duration":9,"failureDetails":[],"failureMessages":[],"fullName":"Vertical Slice Orchestration expires cache after TTL and re-executes","invocations":1,"location":null,"numPassingAsserts":3,"retryReasons":[],"status":"passed","title":"expires cache after TTL and re-executes"},{"ancestorTitles":["Vertical Slice Orchestration"],"duration":3,"failureDetails":[],"failureMessages":[],"fullName":"Vertical Slice Orchestration keeps warnings on invalid input and marks replay","invocations":1,"location":null,"numPassingAsserts":4,"retryReasons":[],"status":"passed","title":"keeps warnings on invalid input and marks replay"},{"ancestorTitles":["Vertical Slice Orchestration"],"duration":1,"failureDetails":[],"failureMessages":[],"fullName":"Vertical Slice Orchestration applies web3 proof guard (missing proof) and forces WARN","invocations":1,"location":null,"numPassingAsserts":4,"retryReasons":[],"status":"passed","title":"applies web3 proof guard (missing proof) and forces WARN"},{"ancestorTitles":["Vertical Slice Orchestration"],"duration":2,"failureDetails":[],"failureMessages":[],"fullName":"Vertical Slice Orchestration blocks anchor FAILED via web3 guard","invocations":1,"location":null,"numPassingAsserts":4,"retryReasons":[],"status":"passed","title":"blocks anchor FAILED via web3 guard"},{"ancestorTitles":["Vertical Slice Orchestration"],"duration":1,"failureDetails":[],"failureMessages":[],"fullName":"Vertical Slice Orchestration blocks double mint via web3 guard","invocations":1,"location":null,"numPassingAsserts":3,"retryReasons":[],"status":"passed","title":"blocks double mint via web3 guard"},{"ancestorTitles":["Vertical Slice Orchestration"],"duration":1,"failureDetails":[],"failureMessages":[],"fullName":"Vertical Slice Orchestration blocks mint without anchor","invocations":1,"location":null,"numPassingAsserts":2,"retryReasons":[],"status":"passed","title":"blocks mint without anchor"},{"ancestorTitles":["Vertical Slice Orchestration"],"duration":1,"failureDetails":[],"failureMessages":[],"fullName":"Vertical Slice Orchestration nominal web3 guard OK when no web3 context","invocations":1,"location":null,"numPassingAsserts":2,"retryReasons":[],"status":"passed","title":"nominal web3 guard OK when no web3 context"},{"ancestorTitles":["Vertical Slice Orchestration"],"duration":2,"failureDetails":[],"failureMessages":[],"fullName":"Vertical Slice Orchestration applies web3 proof action and creates PROOF_CREATED state","invocations":1,"location":null,"numPassingAsserts":6,"retryReasons":[],"status":"passed","title":"applies web3 proof action and creates PROOF_CREATED state"},{"ancestorTitles":["Vertical Slice Orchestration"],"duration":1,"failureDetails":[],"failureMessages":[],"fullName":"Vertical Slice Orchestration warns when anchor attempted without proof","invocations":1,"location":null,"numPassingAsserts":3,"retryReasons":[],"status":"passed","title":"warns when anchor attempted without proof"},{"ancestorTitles":["Vertical Slice Orchestration"],"duration":1,"failureDetails":[],"failureMessages":[],"fullName":"Vertical Slice Orchestration blocks mint without anchor","invocations":1,"location":null,"numPassingAsserts":3,"retryReasons":[],"status":"passed","title":"blocks mint without anchor"},{"ancestorTitles":["Vertical Slice Orchestration"],"duration":6,"failureDetails":[],"failureMessages":[],"fullName":"Vertical Slice Orchestration completes full web3 pipeline (proof → anchor → mint)","invocations":1,"location":null,"numPassingAsserts":9,"retryReasons":[],"status":"passed","title":"completes full web3 pipeline (proof → anchor → mint)"},{"ancestorTitles":["Vertical Slice Orchestration"],"duration":2,"failureDetails":[],"failureMessages":[],"fullName":"Vertical Slice Orchestration is idempotent for web3 actions (replay same action)","invocations":1,"location":null,"numPassingAsserts":4,"retryReasons":[],"status":"passed","title":"is idempotent for web3 actions (replay same action)"},{"ancestorTitles":["Vertical Slice Orchestration"],"duration":2,"failureDetails":[],"failureMessages":[],"fullName":"Vertical Slice Orchestration reuses memory when same runId is called twice and keeps deduped plan","invocations":1,"location":null,"numPassingAsserts":3,"retryReasons":[],"status":"passed","title":"reuses memory when same runId is called twice and keeps deduped plan"},{"ancestorTitles":["Vertical Slice Orchestration"],"duration":2,"failureDetails":[],"failureMessages":[],"fullName":"Vertical Slice Orchestration penalizes agents on repeated contradictions (learningScore decreases)","invocations":1,"location":null,"numPassingAsserts":1,"retryReasons":[],"status":"passed","title":"penalizes agents on repeated contradictions (learningScore decreases)"},{"ancestorTitles":["Vertical Slice Orchestration"],"duration":1,"failureDetails":[],"failureMessages":[],"fullName":"Vertical Slice Orchestration rewards agents with consistent OK (learningScore increases) and reorders actionPlan","invocations":1,"location":null,"numPassingAsserts":3,"retryReasons":[],"status":"passed","title":"rewards agents with consistent OK (learningScore increases) and reorders actionPlan"},{"ancestorTitles":["Vertical Slice Orchestration"],"duration":2,"failureDetails":[],"failureMessages":[],"fullName":"Vertical Slice Orchestration marks unexecutable actions when no tool mapping is found","invocations":1,"location":null,"numPassingAsserts":2,"retryReasons":[],"status":"passed","title":"marks unexecutable actions when no tool mapping is found"},{"ancestorTitles":["Vertical Slice Orchestration"],"duration":1,"failureDetails":[],"failureMessages":[],"fullName":"Vertical Slice Orchestration creates an execution gate when a tool requires confirmation","invocations":1,"location":null,"numPassingAsserts":3,"retryReasons":[],"status":"passed","title":"creates an execution gate when a tool requires confirmation"},{"ancestorTitles":["Vertical Slice Orchestration"],"duration":2,"failureDetails":[],"failureMessages":[],"fullName":"Vertical Slice Orchestration does not create gate when no critical tool is present","invocations":1,"location":null,"numPassingAsserts":2,"retryReasons":[],"status":"passed","title":"does not create gate when no critical tool is present"},{"ancestorTitles":["Vertical Slice Orchestration"],"duration":2,"failureDetails":[],"failureMessages":[],"fullName":"Vertical Slice Orchestration allows approving and rejecting a gate","invocations":1,"location":null,"numPassingAsserts":2,"retryReasons":[],"status":"passed","title":"allows approving and rejecting a gate"},{"ancestorTitles":["Vertical Slice Orchestration"],"duration":1,"failureDetails":[],"failureMessages":[],"fullName":"Vertical Slice Orchestration expires gate after TTL","invocations":1,"location":null,"numPassingAsserts":1,"retryReasons":[],"status":"passed","title":"expires gate after TTL"},{"ancestorTitles":["Vertical Slice Orchestration"],"duration":3,"failureDetails":[],"failureMessages":[],"fullName":"Vertical Slice Orchestration runs dry-run execution when gate is approved (ordered, simulatable)","invocations":1,"location":null,"numPassingAsserts":5,"retryReasons":[],"status":"passed","title":"runs dry-run execution when gate is approved (ordered, simulatable)"},{"ancestorTitles":["Vertical Slice Orchestration"],"duration":3,"failureDetails":[],"failureMessages":[],"fullName":"Vertical Slice Orchestration marks unexecutable step as SKIPPED in dry-run","invocations":1,"location":null,"numPassingAsserts":1,"retryReasons":[],"status":"passed","title":"marks unexecutable step as SKIPPED in dry-run"},{"ancestorTitles":["Vertical Slice Orchestration"],"duration":2,"failureDetails":[],"failureMessages":[],"fullName":"Vertical Slice Orchestration blocks real execution when EXECUTION_ENABLED is not true","invocations":1,"location":null,"numPassingAsserts":4,"retryReasons":[],"status":"passed","title":"blocks real execution when EXECUTION_ENABLED is not true"},{"ancestorTitles":["Vertical Slice Orchestration"],"duration":1,"failureDetails":[],"failureMessages":[],"fullName":"Vertical Slice Orchestration activates kill switch manual ALL -> DRY_RUN","invocations":1,"location":null,"numPassingAsserts":3,"retryReasons":[],"status":"passed","title":"activates kill switch manual ALL -> DRY_RUN"},{"ancestorTitles":["Vertical Slice Orchestration"],"duration":2,"failureDetails":[],"failureMessages":[],"fullName":"Vertical Slice Orchestration kills REAL when many failures/timeouts","invocations":1,"location":null,"numPassingAsserts":4,"retryReasons":[],"status":"passed","title":"kills REAL when many failures/timeouts"},{"ancestorTitles":["Vertical Slice Orchestration"],"duration":2,"failureDetails":[],"failureMessages":[],"fullName":"Vertical Slice Orchestration kill switch blocks after repeated web3 BLOCK","invocations":1,"location":null,"numPassingAsserts":3,"retryReasons":[],"status":"passed","title":"kill switch blocks after repeated web3 BLOCK"},{"ancestorTitles":["Vertical Slice Orchestration"],"duration":1,"failureDetails":[],"failureMessages":[],"fullName":"Vertical Slice Orchestration blocks real execution when gate not approved","invocations":1,"location":null,"numPassingAsserts":1,"retryReasons":[],"status":"passed","title":"blocks real execution when gate not approved"},{"ancestorTitles":["Vertical Slice Orchestration"],"duration":3,"failureDetails":[],"failureMessages":[],"fullName":"Vertical Slice Orchestration executes exactly one tool in REAL mode when enabled and gate approved","invocations":1,"location":null,"numPassingAsserts":3,"retryReasons":[],"status":"passed","title":"executes exactly one tool in REAL mode when enabled and gate approved"},{"ancestorTitles":["Vertical Slice Orchestration"],"duration":2,"failureDetails":[],"failureMessages":[],"fullName":"Vertical Slice Orchestration keeps an audit trail across runs","invocations":1,"location":null,"numPassingAsserts":2,"retryReasons":[],"status":"passed","title":"keeps an audit trail across runs"},{"ancestorTitles":["Vertical Slice Orchestration"],"duration":52,"failureDetails":[],"failureMessages":[],"fullName":"Vertical Slice Orchestration never throws even on malformed input","invocations":1,"location":null,"numPassingAsserts":1,"retryReasons":[],"status":"passed","title":"never throws even on malformed input"},{"ancestorTitles":["Vertical Slice Orchestration"],"duration":4,"failureDetails":[],"failureMessages":[],"fullName":"Vertical Slice Orchestration normalizes agent responses with findings/confidence/assumptions","invocations":1,"location":null,"numPassingAsserts":12,"retryReasons":[],"status":"passed","title":"normalizes agent responses with findings/confidence/assumptions"},{"ancestorTitles":["Vertical Slice Orchestration"],"duration":2,"failureDetails":[],"failureMessages":[],"fullName":"Vertical Slice Orchestration provides executive summary and human plan","invocations":1,"location":null,"numPassingAsserts":10,"retryReasons":[],"status":"passed","title":"provides executive summary and human plan"},{"ancestorTitles":["Vertical Slice Orchestration"],"duration":1,"failureDetails":[],"failureMessages":[],"fullName":"Vertical Slice Orchestration respects SLO thresholds (no alerts when under targets)","invocations":1,"location":null,"numPassingAsserts":2,"retryReasons":[],"status":"passed","title":"respects SLO thresholds (no alerts when under targets)"},{"ancestorTitles":["Vertical Slice Orchestration"],"duration":4,"failureDetails":[],"failureMessages":[],"fullName":"Vertical Slice Orchestration raises alerts when SLO exceeded (WARN)","invocations":1,"location":null,"numPassingAsserts":2,"retryReasons":[],"status":"passed","title":"raises alerts when SLO exceeded (WARN)"},{"ancestorTitles":["Vertical Slice Orchestration"],"duration":1,"failureDetails":[],"failureMessages":[],"fullName":"Vertical Slice Orchestration raises alerts when latency p95 exceeded (CRITICAL severity from registry)","invocations":1,"location":null,"numPassingAsserts":1,"retryReasons":[],"status":"passed","title":"raises alerts when latency p95 exceeded (CRITICAL severity from registry)"},{"ancestorTitles":["Vertical Slice Orchestration"],"duration":5,"failureDetails":[],"failureMessages":[],"fullName":"Vertical Slice Orchestration executes P0 agents without stub outputs","invocations":1,"location":null,"numPassingAsserts":20,"retryReasons":[],"status":"passed","title":"executes P0 agents without stub outputs"},{"ancestorTitles":["Vertical Slice Orchestration"],"duration":3,"failureDetails":[],"failureMessages":[],"fullName":"Vertical Slice Orchestration supports multi-phase workflow with artifact accumulation and replay skip","invocations":1,"location":null,"numPassingAsserts":5,"retryReasons":[],"status":"passed","title":"supports multi-phase workflow with artifact accumulation and replay skip"},{"ancestorTitles":["Vertical Slice Orchestration"],"duration":6,"failureDetails":[],"failureMessages":[],"fullName":"Vertical Slice Orchestration isolates artifacts per tenant across phases","invocations":1,"location":null,"numPassingAsserts":4,"retryReasons":[],"status":"passed","title":"isolates artifacts per tenant across phases"},{"ancestorTitles":["Vertical Slice Orchestration"],"duration":1,"failureDetails":[],"failureMessages":[],"fullName":"Vertical Slice Orchestration uses llm cache across runs (cache hit)","invocations":1,"location":null,"numPassingAsserts":1,"retryReasons":[],"status":"passed","title":"uses llm cache across runs (cache hit)"},{"ancestorTitles":["Vertical Slice Orchestration"],"duration":2,"failureDetails":[],"failureMessages":[],"fullName":"Vertical Slice Orchestration enforces cost budgets with WARN and BLOCK","invocations":1,"location":null,"numPassingAsserts":4,"retryReasons":[],"status":"passed","title":"enforces cost budgets with WARN and BLOCK"},{"ancestorTitles":["Vertical Slice Orchestration"],"duration":3,"failureDetails":[],"failureMessages":[],"fullName":"Vertical Slice Orchestration isolates caches and metrics per tenant","invocations":1,"location":null,"numPassingAsserts":2,"retryReasons":[],"status":"passed","title":"isolates caches and metrics per tenant"},{"ancestorTitles":["Vertical Slice Orchestration"],"duration":2,"failureDetails":[],"failureMessages":[],"fullName":"Vertical Slice Orchestration applies tenant quotas and blocks when exceeded","invocations":1,"location":null,"numPassingAsserts":3,"retryReasons":[],"status":"passed","title":"applies tenant quotas and blocks when exceeded"},{"ancestorTitles":["Vertical Slice Orchestration"],"duration":1,"failureDetails":[],"failureMessages":[],"fullName":"Vertical Slice Orchestration trips circuit breaker and forces mock DRY_RUN","invocations":1,"location":null,"numPassingAsserts":3,"retryReasons":[],"status":"passed","title":"trips circuit breaker and forces mock DRY_RUN"},{"ancestorTitles":["Vertical Slice Orchestration"],"duration":2,"failureDetails":[],"failureMessages":[],"fullName":"Vertical Slice Orchestration retries once on transient timeout and records retries","invocations":1,"location":null,"numPassingAsserts":2,"retryReasons":[],"status":"passed","title":"retries once on transient timeout and records retries"},{"ancestorTitles":["Vertical Slice Orchestration"],"duration":1,"failureDetails":[],"failureMessages":[],"fullName":"Vertical Slice Orchestration marks cold start on first run","invocations":1,"location":null,"numPassingAsserts":1,"retryReasons":[],"status":"passed","title":"marks cold start on first run"},{"ancestorTitles":["Vertical Slice Orchestration"],"duration":1,"failureDetails":[],"failureMessages":[],"fullName":"Vertical Slice Orchestration sheds load when concurrency queue saturated","invocations":1,"location":null,"numPassingAsserts":2,"retryReasons":[],"status":"passed","title":"sheds load when concurrency queue saturated"},{"ancestorTitles":["Vertical Slice Orchestration"],"duration":1,"failureDetails":[],"failureMessages":[],"fullName":"Vertical Slice Orchestration respects agent feature flags and exposes status","invocations":1,"location":null,"numPassingAsserts":3,"retryReasons":[],"status":"passed","title":"respects agent feature flags and exposes status"},{"ancestorTitles":["Vertical Slice Orchestration"],"duration":1,"failureDetails":[],"failureMessages":[],"fullName":"Vertical Slice Orchestration applies environment budgets to agents","invocations":1,"location":null,"numPassingAsserts":2,"retryReasons":[],"status":"passed","title":"applies environment budgets to agents"},{"ancestorTitles":["Vertical Slice Orchestration"],"duration":3,"failureDetails":[],"failureMessages":[],"fullName":"Vertical Slice Orchestration runs shadow mode without real side effects and exposes comparison","invocations":1,"location":null,"numPassingAsserts":3,"retryReasons":[],"status":"passed","title":"runs shadow mode without real side effects and exposes comparison"},{"ancestorTitles":["Vertical Slice Orchestration"],"duration":1,"failureDetails":[],"failureMessages":[],"fullName":"Vertical Slice Orchestration applies presets and exposes presetMeta","invocations":1,"location":null,"numPassingAsserts":4,"retryReasons":[],"status":"passed","title":"applies presets and exposes presetMeta"},{"ancestorTitles":["Vertical Slice Orchestration"],"duration":1,"failureDetails":[],"failureMessages":[],"fullName":"Vertical Slice Orchestration forces demo mode stability","invocations":1,"location":null,"numPassingAsserts":3,"retryReasons":[],"status":"passed","title":"forces demo mode stability"},{"ancestorTitles":["Vertical Slice Orchestration"],"duration":10,"failureDetails":[],"failureMessages":[],"fullName":"Vertical Slice Orchestration executes coverage agents (no stubs) with concrete actions","invocations":1,"location":null,"numPassingAsserts":42,"retryReasons":[],"status":"passed","title":"executes coverage agents (no stubs) with concrete actions"},{"ancestorTitles":["Vertical Slice Orchestration"],"duration":2,"failureDetails":[],"failureMessages":[],"fullName":"Vertical Slice Orchestration exposes executionPlan with steps and simulation","invocations":1,"location":null,"numPassingAsserts":10,"retryReasons":[],"status":"passed","title":"exposes executionPlan with steps and simulation"},{"ancestorTitles":["Vertical Slice Orchestration"],"duration":1,"failureDetails":[],"failureMessages":[],"fullName":"Vertical Slice Orchestration maps unknown action to noop tool","invocations":1,"location":null,"numPassingAsserts":4,"retryReasons":[],"status":"passed","title":"maps unknown action to noop tool"},{"ancestorTitles":["Vertical Slice Orchestration"],"duration":1,"failureDetails":[],"failureMessages":[],"fullName":"Vertical Slice Orchestration blocks tool execution when gate not approved","invocations":1,"location":null,"numPassingAsserts":1,"retryReasons":[],"status":"passed","title":"blocks tool execution when gate not approved"},{"ancestorTitles":["Vertical Slice Orchestration"],"duration":2,"failureDetails":[],"failureMessages":[],"fullName":"Vertical Slice Orchestration exposes enriched shadow delta with step comparison","invocations":1,"location":null,"numPassingAsserts":5,"retryReasons":[],"status":"passed","title":"exposes enriched shadow delta with step comparison"},{"ancestorTitles":["Vertical Slice Orchestration"],"duration":2,"failureDetails":[],"failureMessages":[],"fullName":"Vertical Slice Orchestration simulates web3 mint token tool and calls web3Pipeline","invocations":1,"location":null,"numPassingAsserts":0,"retryReasons":[],"status":"passed","title":"simulates web3 mint token tool and calls web3Pipeline"},{"ancestorTitles":["Vertical Slice Orchestration"],"duration":2,"failureDetails":[],"failureMessages":[],"fullName":"Vertical Slice Orchestration exposes execution metrics in ops","invocations":1,"location":null,"numPassingAsserts":7,"retryReasons":[],"status":"passed","title":"exposes execution metrics in ops"}],"endTime":1767449075814,"message":"","name":"/home/alaeddine/Documents/journey_mfai_back_front/mf-back/__tests__/verticalSliceOrchestration.test.js","startTime":1767449074556,"status":"passed","summary":""},{"assertionResults":[{"ancestorTitles":["Analytics Controller"],"duration":1,"failureDetails":[],"failureMessages":[],"fullName":"Analytics Controller tracks certification downloads successfully","invocations":1,"location":null,"numPassingAsserts":4,"retryReasons":[],"status":"passed","title":"tracks certification downloads successfully"},{"ancestorTitles":["Analytics Controller"],"duration":0,"failureDetails":[],"failureMessages":[],"fullName":"Analytics Controller handles certification share failures","invocations":1,"location":null,"numPassingAsserts":3,"retryReasons":[],"status":"passed","title":"handles certification share failures"},{"ancestorTitles":["Analytics Controller"],"duration":4,"failureDetails":[],"failureMessages":[],"fullName":"Analytics Controller returns platform statistics","invocations":1,"location":null,"numPassingAsserts":4,"retryReasons":[],"status":"passed","title":"returns platform statistics"},{"ancestorTitles":["Analytics Controller"],"duration":1,"failureDetails":[],"failureMessages":[],"fullName":"Analytics Controller formats access pass holders","invocations":1,"location":null,"numPassingAsserts":4,"retryReasons":[],"status":"passed","title":"formats access pass holders"},{"ancestorTitles":["Cours Controller"],"duration":0,"failureDetails":[],"failureMessages":[],"fullName":"Cours Controller creates a course successfully","invocations":1,"location":null,"numPassingAsserts":3,"retryReasons":[],"status":"passed","title":"creates a course successfully"},{"ancestorTitles":["Cours Controller"],"duration":1,"failureDetails":[],"failureMessages":[],"fullName":"Cours Controller handles course creation errors","invocations":1,"location":null,"numPassingAsserts":2,"retryReasons":[],"status":"passed","title":"handles course creation errors"},{"ancestorTitles":["Cours Controller"],"duration":0,"failureDetails":[],"failureMessages":[],"fullName":"Cours Controller returns 404 when course is missing","invocations":1,"location":null,"numPassingAsserts":2,"retryReasons":[],"status":"passed","title":"returns 404 when course is missing"},{"ancestorTitles":["Cours Controller"],"duration":1,"failureDetails":[],"failureMessages":[],"fullName":"Cours Controller updates existing user course progress","invocations":1,"location":null,"numPassingAsserts":3,"retryReasons":[],"status":"passed","title":"updates existing user course progress"},{"ancestorTitles":["Cours Controller"],"duration":0,"failureDetails":[],"failureMessages":[],"fullName":"Cours Controller creates new user course progress when missing","invocations":1,"location":null,"numPassingAsserts":3,"retryReasons":[],"status":"passed","title":"creates new user course progress when missing"},{"ancestorTitles":["Cours Controller"],"duration":0,"failureDetails":[],"failureMessages":[],"fullName":"Cours Controller returns 404 when user course progress is absent","invocations":1,"location":null,"numPassingAsserts":2,"retryReasons":[],"status":"passed","title":"returns 404 when user course progress is absent"},{"ancestorTitles":["Journey Controller"],"duration":0,"failureDetails":[],"failureMessages":[],"fullName":"Journey Controller creates a journey for a user","invocations":1,"location":null,"numPassingAsserts":3,"retryReasons":[],"status":"passed","title":"creates a journey for a user"},{"ancestorTitles":["Journey Controller"],"duration":0,"failureDetails":[],"failureMessages":[],"fullName":"Journey Controller returns user progress when found","invocations":1,"location":null,"numPassingAsserts":2,"retryReasons":[],"status":"passed","title":"returns user progress when found"},{"ancestorTitles":["Journey Controller"],"duration":0,"failureDetails":[],"failureMessages":[],"fullName":"Journey Controller returns 404 when user progress is missing","invocations":1,"location":null,"numPassingAsserts":1,"retryReasons":[],"status":"passed","title":"returns 404 when user progress is missing"},{"ancestorTitles":["Journey Controller"],"duration":0,"failureDetails":[],"failureMessages":[],"fullName":"Journey Controller updates user progress and returns the updated payload","invocations":1,"location":null,"numPassingAsserts":3,"retryReasons":[],"status":"passed","title":"updates user progress and returns the updated payload"},{"ancestorTitles":["Journey Controller"],"duration":1,"failureDetails":[],"failureMessages":[],"fullName":"Journey Controller resets user progress when requested","invocations":1,"location":null,"numPassingAsserts":2,"retryReasons":[],"status":"passed","title":"resets user progress when requested"},{"ancestorTitles":["Journey Controller"],"duration":0,"failureDetails":[],"failureMessages":[],"fullName":"Journey Controller completes a phase and pushes nft certificate","invocations":1,"location":null,"numPassingAsserts":2,"retryReasons":[],"status":"passed","title":"completes a phase and pushes nft certificate"},{"ancestorTitles":["Journey Controller"],"duration":0,"failureDetails":[],"failureMessages":[],"fullName":"Journey Controller fetches all journeys with populated users","invocations":1,"location":null,"numPassingAsserts":2,"retryReasons":[],"status":"passed","title":"fetches all journeys with populated users"},{"ancestorTitles":["Journey Controller"],"duration":1,"failureDetails":[],"failureMessages":[],"fullName":"Journey Controller deletes a journey","invocations":1,"location":null,"numPassingAsserts":2,"retryReasons":[],"status":"passed","title":"deletes a journey"},{"ancestorTitles":["User Controller"],"duration":1,"failureDetails":[],"failureMessages":[],"fullName":"User Controller registers a new user","invocations":1,"location":null,"numPassingAsserts":4,"retryReasons":[],"status":"passed","title":"registers a new user"},{"ancestorTitles":["User Controller"],"duration":0,"failureDetails":[],"failureMessages":[],"fullName":"User Controller blocks duplicate user registrations","invocations":1,"location":null,"numPassingAsserts":2,"retryReasons":[],"status":"passed","title":"blocks duplicate user registrations"},{"ancestorTitles":["User Controller"],"duration":1,"failureDetails":[],"failureMessages":[],"fullName":"User Controller logs in an active user","invocations":1,"location":null,"numPassingAsserts":4,"retryReasons":[],"status":"passed","title":"logs in an active user"},{"ancestorTitles":["User Controller"],"duration":0,"failureDetails":[],"failureMessages":[],"fullName":"User Controller rejects login with wrong password","invocations":1,"location":null,"numPassingAsserts":1,"retryReasons":[],"status":"passed","title":"rejects login with wrong password"},{"ancestorTitles":["User Controller"],"duration":0,"failureDetails":[],"failureMessages":[],"fullName":"User Controller returns access token from refresh token","invocations":1,"location":null,"numPassingAsserts":3,"retryReasons":[],"status":"passed","title":"returns access token from refresh token"},{"ancestorTitles":["User Controller"],"duration":1,"failureDetails":[],"failureMessages":[],"fullName":"User Controller rejects refresh token without payload","invocations":1,"location":null,"numPassingAsserts":1,"retryReasons":[],"status":"passed","title":"rejects refresh token without payload"},{"ancestorTitles":["User Controller"],"duration":0,"failureDetails":[],"failureMessages":[],"fullName":"User Controller logs out a user by clearing refresh token","invocations":1,"location":null,"numPassingAsserts":2,"retryReasons":[],"status":"passed","title":"logs out a user by clearing refresh token"},{"ancestorTitles":["User Controller"],"duration":0,"failureDetails":[],"failureMessages":[],"fullName":"User Controller prevents role change by non-admins","invocations":1,"location":null,"numPassingAsserts":1,"retryReasons":[],"status":"passed","title":"prevents role change by non-admins"},{"ancestorTitles":["User Controller"],"duration":1,"failureDetails":[],"failureMessages":[],"fullName":"User Controller changes a user role when requested by admin","invocations":1,"location":null,"numPassingAsserts":3,"retryReasons":[],"status":"passed","title":"changes a user role when requested by admin"},{"ancestorTitles":["User Controller"],"duration":0,"failureDetails":[],"failureMessages":[],"fullName":"User Controller updates user profile fields","invocations":1,"location":null,"numPassingAsserts":2,"retryReasons":[],"status":"passed","title":"updates user profile fields"},{"ancestorTitles":["User Controller"],"duration":0,"failureDetails":[],"failureMessages":[],"fullName":"User Controller returns 404 when profile cannot be updated","invocations":1,"location":null,"numPassingAsserts":1,"retryReasons":[],"status":"passed","title":"returns 404 when profile cannot be updated"},{"ancestorTitles":["User Controller"],"duration":0,"failureDetails":[],"failureMessages":[],"fullName":"User Controller updates token balance","invocations":1,"location":null,"numPassingAsserts":2,"retryReasons":[],"status":"passed","title":"updates token balance"},{"ancestorTitles":["User Controller"],"duration":0,"failureDetails":[],"failureMessages":[],"fullName":"User Controller rejects token balance update when user missing","invocations":1,"location":null,"numPassingAsserts":1,"retryReasons":[],"status":"passed","title":"rejects token balance update when user missing"},{"ancestorTitles":["User Controller"],"duration":1,"failureDetails":[],"failureMessages":[],"fullName":"User Controller adds an NFT certificate to a user","invocations":1,"location":null,"numPassingAsserts":2,"retryReasons":[],"status":"passed","title":"adds an NFT certificate to a user"},{"ancestorTitles":["User Controller"],"duration":0,"failureDetails":[],"failureMessages":[],"fullName":"User Controller validates NFT payload","invocations":1,"location":null,"numPassingAsserts":1,"retryReasons":[],"status":"passed","title":"validates NFT payload"},{"ancestorTitles":["User Controller"],"duration":0,"failureDetails":[],"failureMessages":[],"fullName":"User Controller returns current user profile from request context","invocations":1,"location":null,"numPassingAsserts":1,"retryReasons":[],"status":"passed","title":"returns current user profile from request context"},{"ancestorTitles":["User Controller"],"duration":1,"failureDetails":[],"failureMessages":[],"fullName":"User Controller rejects get profile when user missing","invocations":1,"location":null,"numPassingAsserts":1,"retryReasons":[],"status":"passed","title":"rejects get profile when user missing"},{"ancestorTitles":["User Controller"],"duration":0,"failureDetails":[],"failureMessages":[],"fullName":"User Controller returns all users list","invocations":1,"location":null,"numPassingAsserts":3,"retryReasons":[],"status":"passed","title":"returns all users list"},{"ancestorTitles":["User Controller"],"duration":0,"failureDetails":[],"failureMessages":[],"fullName":"User Controller prevents user deletion without rights","invocations":1,"location":null,"numPassingAsserts":1,"retryReasons":[],"status":"passed","title":"prevents user deletion without rights"},{"ancestorTitles":["User Controller"],"duration":1,"failureDetails":[],"failureMessages":[],"fullName":"User Controller soft deletes user when authorized","invocations":1,"location":null,"numPassingAsserts":3,"retryReasons":[],"status":"passed","title":"soft deletes user when authorized"},{"ancestorTitles":["User Controller"],"duration":0,"failureDetails":[],"failureMessages":[],"fullName":"User Controller updates user subscription tier","invocations":1,"location":null,"numPassingAsserts":3,"retryReasons":[],"status":"passed","title":"updates user subscription tier"},{"ancestorTitles":["User Controller"],"duration":0,"failureDetails":[],"failureMessages":[],"fullName":"User Controller validates subscription payload","invocations":1,"location":null,"numPassingAsserts":1,"retryReasons":[],"status":"passed","title":"validates subscription payload"}],"endTime":1767449076602,"message":"","name":"/home/alaeddine/Documents/journey_mfai_back_front/mf-back/tests/controllers.spec.js","startTime":1767449075860,"status":"passed","summary":""},{"assertionResults":[{"ancestorTitles":["admin routes"],"duration":73,"failureDetails":[],"failureMessages":[],"fullName":"admin routes rejects RAG uploads when ADMIN_API_KEY is missing","invocations":1,"location":null,"numPassingAsserts":1,"retryReasons":[],"status":"passed","title":"rejects RAG uploads when ADMIN_API_KEY is missing"},{"ancestorTitles":["admin routes"],"duration":22,"failureDetails":[],"failureMessages":[],"fullName":"admin routes denies access to RAG listing when api key mismatches","invocations":1,"location":null,"numPassingAsserts":1,"retryReasons":[],"status":"passed","title":"denies access to RAG listing when api key mismatches"},{"ancestorTitles":["admin routes"],"duration":23,"failureDetails":[],"failureMessages":[],"fullName":"admin routes denies RAG uploads when api key mismatches","invocations":1,"location":null,"numPassingAsserts":2,"retryReasons":[],"status":"passed","title":"denies RAG uploads when api key mismatches"},{"ancestorTitles":["admin routes"],"duration":19,"failureDetails":[],"failureMessages":[],"fullName":"admin routes rejects RAG uploads without a document payload","invocations":1,"location":null,"numPassingAsserts":2,"retryReasons":[],"status":"passed","title":"rejects RAG uploads without a document payload"},{"ancestorTitles":["admin routes"],"duration":23,"failureDetails":[],"failureMessages":[],"fullName":"admin routes returns 500 when the ingest client throws during upload","invocations":1,"location":null,"numPassingAsserts":2,"retryReasons":[],"status":"passed","title":"returns 500 when the ingest client throws during upload"},{"ancestorTitles":["admin routes"],"duration":19,"failureDetails":[],"failureMessages":[],"fullName":"admin routes lists previously stored RAG documents when authorized","invocations":1,"location":null,"numPassingAsserts":1,"retryReasons":[],"status":"passed","title":"lists previously stored RAG documents when authorized"},{"ancestorTitles":["admin routes"],"duration":30,"failureDetails":[],"failureMessages":[],"fullName":"admin routes handles filesystem errors when listing RAG documents","invocations":1,"location":null,"numPassingAsserts":2,"retryReasons":[],"status":"passed","title":"handles filesystem errors when listing RAG documents"},{"ancestorTitles":["admin routes"],"duration":21,"failureDetails":[],"failureMessages":[],"fullName":"admin routes denies agent scoreboard access when api key mismatches","invocations":1,"location":null,"numPassingAsserts":1,"retryReasons":[],"status":"passed","title":"denies agent scoreboard access when api key mismatches"},{"ancestorTitles":["admin routes"],"duration":25,"failureDetails":[],"failureMessages":[],"fullName":"admin routes returns agent scoreboard when authorized","invocations":1,"location":null,"numPassingAsserts":4,"retryReasons":[],"status":"passed","title":"returns agent scoreboard when authorized"},{"ancestorTitles":["admin routes"],"duration":19,"failureDetails":[],"failureMessages":[],"fullName":"admin routes returns 500 when agent scoreboard retrieval fails","invocations":1,"location":null,"numPassingAsserts":2,"retryReasons":[],"status":"passed","title":"returns 500 when agent scoreboard retrieval fails"},{"ancestorTitles":["admin routes"],"duration":21,"failureDetails":[],"failureMessages":[],"fullName":"admin routes allows authorized RAG uploads and forwards document to the ingest client","invocations":1,"location":null,"numPassingAsserts":2,"retryReasons":[],"status":"passed","title":"allows authorized RAG uploads and forwards document to the ingest client"},{"ancestorTitles":["admin routes"],"duration":19,"failureDetails":[],"failureMessages":[],"fullName":"admin routes lists agent logs with filters and handles errors gracefully","invocations":1,"location":null,"numPassingAsserts":4,"retryReasons":[],"status":"passed","title":"lists agent logs with filters and handles errors gracefully"},{"ancestorTitles":["admin routes"],"duration":18,"failureDetails":[],"failureMessages":[],"fullName":"admin routes returns 500 when agent log retrieval fails","invocations":1,"location":null,"numPassingAsserts":1,"retryReasons":[],"status":"passed","title":"returns 500 when agent log retrieval fails"}],"endTime":1767449077066,"message":"","name":"/home/alaeddine/Documents/journey_mfai_back_front/mf-back/__tests__/routes.admin.test.js","startTime":1767449076607,"status":"passed","summary":""},{"assertionResults":[{"ancestorTitles":["E2E /orchestration/vslice"],"duration":15,"failureDetails":[],"failureMessages":[],"fullName":"E2E /orchestration/vslice handles simple intent","invocations":1,"location":null,"numPassingAsserts":2,"retryReasons":[],"status":"passed","title":"handles simple intent"},{"ancestorTitles":["E2E /orchestration/vslice"],"duration":1419,"failureDetails":[],"failureMessages":[],"fullName":"E2E /orchestration/vslice handles composite intent","invocations":1,"location":null,"numPassingAsserts":1,"retryReasons":[],"status":"passed","title":"handles composite intent"},{"ancestorTitles":["E2E /orchestration/vslice"],"duration":790,"failureDetails":[],"failureMessages":[],"fullName":"E2E /orchestration/vslice applies preset audit-dao","invocations":1,"location":null,"numPassingAsserts":2,"retryReasons":[],"status":"passed","title":"applies preset audit-dao"},{"ancestorTitles":["E2E /orchestration/vslice"],"duration":3,"failureDetails":[],"failureMessages":[],"fullName":"E2E /orchestration/vslice respects DEMO_MODE","invocations":1,"location":null,"numPassingAsserts":2,"retryReasons":[],"status":"passed","title":"respects DEMO_MODE"},{"ancestorTitles":["E2E /orchestration/vslice"],"duration":631,"failureDetails":[],"failureMessages":[],"fullName":"E2E /orchestration/vslice returns warning on invalid schema","invocations":1,"location":null,"numPassingAsserts":1,"retryReasons":[],"status":"passed","title":"returns warning on invalid schema"},{"ancestorTitles":["E2E /orchestration/vslice"],"duration":3,"failureDetails":[],"failureMessages":[],"fullName":"E2E /orchestration/vslice ignores disabled agent via flag","invocations":1,"location":null,"numPassingAsserts":2,"retryReasons":[],"status":"passed","title":"ignores disabled agent via flag"},{"ancestorTitles":["E2E /orchestration/vslice"],"duration":809,"failureDetails":[],"failureMessages":[],"fullName":"E2E /orchestration/vslice returns cached response on idempotent replay","invocations":1,"location":null,"numPassingAsserts":2,"retryReasons":[],"status":"passed","title":"returns cached response on idempotent replay"},{"ancestorTitles":["E2E /orchestration/vslice"],"duration":1548,"failureDetails":[],"failureMessages":[],"fullName":"E2E /orchestration/vslice isolates tenants via headers and exposes tenant status","invocations":1,"location":null,"numPassingAsserts":3,"retryReasons":[],"status":"passed","title":"isolates tenants via headers and exposes tenant status"},{"ancestorTitles":["E2E /orchestration/vslice"],"duration":4,"failureDetails":[],"failureMessages":[],"fullName":"E2E /orchestration/vslice returns investor demo agent output (no stub)","invocations":1,"location":null,"numPassingAsserts":4,"retryReasons":[],"status":"passed","title":"returns investor demo agent output (no stub)"},{"ancestorTitles":["E2E /orchestration/vslice"],"duration":1640,"failureDetails":[],"failureMessages":[],"fullName":"E2E /orchestration/vslice runs multi-phase journey and exposes artifacts summary","invocations":1,"location":null,"numPassingAsserts":3,"retryReasons":[],"status":"passed","title":"runs multi-phase journey and exposes artifacts summary"},{"ancestorTitles":["E2E /orchestration/vslice"],"duration":2407,"failureDetails":[],"failureMessages":[],"fullName":"E2E /orchestration/vslice completes web3 pipeline (proof → anchor → mint) across multiple calls","invocations":1,"location":null,"numPassingAsserts":8,"retryReasons":[],"status":"passed","title":"completes web3 pipeline (proof → anchor → mint) across multiple calls"},{"ancestorTitles":["E2E /orchestration/vslice"],"duration":742,"failureDetails":[],"failureMessages":[],"fullName":"E2E /orchestration/vslice exposes executionPlan with steps and shadowComparison delta","invocations":1,"location":null,"numPassingAsserts":4,"retryReasons":[],"status":"passed","title":"exposes executionPlan with steps and shadowComparison delta"}],"endTime":1767449087222,"message":"","name":"/home/alaeddine/Documents/journey_mfai_back_front/mf-back/__tests__/e2e/orchestration.e2e.test.js","startTime":1767449077068,"status":"passed","summary":""},{"assertionResults":[{"ancestorTitles":["Wallet Auth Flow","createWalletChallenge"],"duration":1,"failureDetails":[],"failureMessages":[],"fullName":"Wallet Auth Flow createWalletChallenge creates a challenge successfully","invocations":1,"location":null,"numPassingAsserts":4,"retryReasons":[],"status":"passed","title":"creates a challenge successfully"},{"ancestorTitles":["Wallet Auth Flow","createWalletChallenge"],"duration":0,"failureDetails":[],"failureMessages":[],"fullName":"Wallet Auth Flow createWalletChallenge returns 404 if user not found","invocations":1,"location":null,"numPassingAsserts":1,"retryReasons":[],"status":"passed","title":"returns 404 if user not found"},{"ancestorTitles":["Wallet Auth Flow","loginWithWallet (Strict Mode)"],"duration":107,"failureDetails":[],"failureMessages":[],"fullName":"Wallet Auth Flow loginWithWallet (Strict Mode) logs in successfully with valid signature","invocations":1,"location":null,"numPassingAsserts":4,"retryReasons":[],"status":"passed","title":"logs in successfully with valid signature"},{"ancestorTitles":["Wallet Auth Flow","loginWithWallet (Strict Mode)"],"duration":101,"failureDetails":[],"failureMessages":[],"fullName":"Wallet Auth Flow loginWithWallet (Strict Mode) rejects invalid signature","invocations":1,"location":null,"numPassingAsserts":2,"retryReasons":[],"status":"passed","title":"rejects invalid signature"},{"ancestorTitles":["Wallet Auth Flow","loginWithWallet (Strict Mode)"],"duration":40,"failureDetails":[],"failureMessages":[],"fullName":"Wallet Auth Flow loginWithWallet (Strict Mode) rejects wrong message content","invocations":1,"location":null,"numPassingAsserts":2,"retryReasons":[],"status":"passed","title":"rejects wrong message content"},{"ancestorTitles":["Wallet Auth Flow","loginWithWallet (Strict Mode)"],"duration":0,"failureDetails":[],"failureMessages":[],"fullName":"Wallet Auth Flow loginWithWallet (Strict Mode) rejects expired challenge","invocations":1,"location":null,"numPassingAsserts":2,"retryReasons":[],"status":"passed","title":"rejects expired challenge"},{"ancestorTitles":["Wallet Auth Flow","loginWithWallet (Legacy Mode)"],"duration":4,"failureDetails":[],"failureMessages":[],"fullName":"Wallet Auth Flow loginWithWallet (Legacy Mode) logs in successfully with only wallet address (Legacy)","invocations":1,"location":null,"numPassingAsserts":2,"retryReasons":[],"status":"passed","title":"logs in successfully with only wallet address (Legacy)"},{"ancestorTitles":["Wallet Auth Flow","loginWithWallet (Legacy Mode)"],"duration":113,"failureDetails":[],"failureMessages":[],"fullName":"Wallet Auth Flow loginWithWallet (Legacy Mode) logs in successfully with valid signature (Secure path in Legacy)","invocations":1,"location":null,"numPassingAsserts":2,"retryReasons":[],"status":"passed","title":"logs in successfully with valid signature (Secure path in Legacy)"}],"endTime":1767449087715,"message":"","name":"/home/alaeddine/Documents/journey_mfai_back_front/mf-back/tests/wallet-auth.test.js","startTime":1767449087230,"status":"passed","summary":""},{"assertionResults":[{"ancestorTitles":["Analytics routes"],"duration":9,"failureDetails":[],"failureMessages":[],"fullName":"Analytics routes POST /analytics/certification-download succeeds with protect middleware","invocations":1,"location":null,"numPassingAsserts":4,"retryReasons":[],"status":"passed","title":"POST /analytics/certification-download succeeds with protect middleware"},{"ancestorTitles":["Analytics routes"],"duration":3,"failureDetails":[],"failureMessages":[],"fullName":"Analytics routes POST /analytics/certification-share handles controller failures","invocations":1,"location":null,"numPassingAsserts":3,"retryReasons":[],"status":"passed","title":"POST /analytics/certification-share handles controller failures"},{"ancestorTitles":["Analytics routes"],"duration":2,"failureDetails":[],"failureMessages":[],"fullName":"Analytics routes GET /analytics/platform-stats aggregates metrics","invocations":1,"location":null,"numPassingAsserts":5,"retryReasons":[],"status":"passed","title":"GET /analytics/platform-stats aggregates metrics"},{"ancestorTitles":["Cours routes"],"duration":1,"failureDetails":[],"failureMessages":[],"fullName":"Cours routes POST /cours/cours creates a course","invocations":1,"location":null,"numPassingAsserts":3,"retryReasons":[],"status":"passed","title":"POST /cours/cours creates a course"},{"ancestorTitles":["Cours routes"],"duration":2,"failureDetails":[],"failureMessages":[],"fullName":"Cours routes GET /cours/get-usser-progress/progress returns 404 when progress missing","invocations":1,"location":null,"numPassingAsserts":1,"retryReasons":[],"status":"passed","title":"GET /cours/get-usser-progress/progress returns 404 when progress missing"},{"ancestorTitles":["Journey routes"],"duration":1,"failureDetails":[],"failureMessages":[],"fullName":"Journey routes GET /journey/all-journey pipes through controller","invocations":1,"location":null,"numPassingAsserts":3,"retryReasons":[],"status":"passed","title":"GET /journey/all-journey pipes through controller"},{"ancestorTitles":["Journey routes"],"duration":2,"failureDetails":[],"failureMessages":[],"fullName":"Journey routes POST /journey/add-journey uses protect and persists journey","invocations":1,"location":null,"numPassingAsserts":3,"retryReasons":[],"status":"passed","title":"POST /journey/add-journey uses protect and persists journey"},{"ancestorTitles":["Journey routes"],"duration":1,"failureDetails":[],"failureMessages":[],"fullName":"Journey routes POST /journey/add-journey returns 401 if protect denies access","invocations":1,"location":null,"numPassingAsserts":1,"retryReasons":[],"status":"passed","title":"POST /journey/add-journey returns 401 if protect denies access"},{"ancestorTitles":["User routes"],"duration":2,"failureDetails":[],"failureMessages":[],"fullName":"User routes POST /user/register provisions tokens on success","invocations":1,"location":null,"numPassingAsserts":4,"retryReasons":[],"status":"passed","title":"POST /user/register provisions tokens on success"},{"ancestorTitles":["User routes"],"duration":2,"failureDetails":[],"failureMessages":[],"fullName":"User routes GET /user/profile returns 200 when protect supplies user","invocations":1,"location":null,"numPassingAsserts":2,"retryReasons":[],"status":"passed","title":"GET /user/profile returns 200 when protect supplies user"},{"ancestorTitles":["User routes"],"duration":1,"failureDetails":[],"failureMessages":[],"fullName":"User routes GET /user/all returns 403 when adminOnly blocks access","invocations":1,"location":null,"numPassingAsserts":1,"retryReasons":[],"status":"passed","title":"GET /user/all returns 403 when adminOnly blocks access"},{"ancestorTitles":["User routes"],"duration":2,"failureDetails":[],"failureMessages":[],"fullName":"User routes GET /user/all returns users when admin allowed","invocations":1,"location":null,"numPassingAsserts":4,"retryReasons":[],"status":"passed","title":"GET /user/all returns users when admin allowed"}],"endTime":1767449087951,"message":"","name":"/home/alaeddine/Documents/journey_mfai_back_front/mf-back/tests/routes.supertest.spec.js","startTime":1767449087725,"status":"passed","summary":""},{"assertionResults":[{"ancestorTitles":["web3Pipeline","getState"],"duration":1,"failureDetails":[],"failureMessages":[],"fullName":"web3Pipeline getState returns NONE state for new run","invocations":1,"location":null,"numPassingAsserts":5,"retryReasons":[],"status":"passed","title":"returns NONE state for new run"},{"ancestorTitles":["web3Pipeline","applyAction - proof"],"duration":1,"failureDetails":[],"failureMessages":[],"fullName":"web3Pipeline applyAction - proof creates proof from NONE state","invocations":1,"location":null,"numPassingAsserts":7,"retryReasons":[],"status":"passed","title":"creates proof from NONE state"},{"ancestorTitles":["web3Pipeline","applyAction - proof"],"duration":0,"failureDetails":[],"failureMessages":[],"fullName":"web3Pipeline applyAction - proof is idempotent when proof already exists","invocations":1,"location":null,"numPassingAsserts":3,"retryReasons":[],"status":"passed","title":"is idempotent when proof already exists"},{"ancestorTitles":["web3Pipeline","applyAction - proof"],"duration":1,"failureDetails":[],"failureMessages":[],"fullName":"web3Pipeline applyAction - proof fails from invalid state","invocations":1,"location":null,"numPassingAsserts":5,"retryReasons":[],"status":"passed","title":"fails from invalid state"},{"ancestorTitles":["web3Pipeline","applyAction - anchor"],"duration":0,"failureDetails":[],"failureMessages":[],"fullName":"web3Pipeline applyAction - anchor creates anchor from PROOF_CREATED state","invocations":1,"location":null,"numPassingAsserts":7,"retryReasons":[],"status":"passed","title":"creates anchor from PROOF_CREATED state"},{"ancestorTitles":["web3Pipeline","applyAction - anchor"],"duration":0,"failureDetails":[],"failureMessages":[],"fullName":"web3Pipeline applyAction - anchor fails without proof","invocations":1,"location":null,"numPassingAsserts":4,"retryReasons":[],"status":"passed","title":"fails without proof"},{"ancestorTitles":["web3Pipeline","applyAction - anchor"],"duration":1,"failureDetails":[],"failureMessages":[],"fullName":"web3Pipeline applyAction - anchor is idempotent when anchor already exists","invocations":1,"location":null,"numPassingAsserts":3,"retryReasons":[],"status":"passed","title":"is idempotent when anchor already exists"},{"ancestorTitles":["web3Pipeline","applyAction - mint"],"duration":0,"failureDetails":[],"failureMessages":[],"fullName":"web3Pipeline applyAction - mint creates mint from ANCHOR_CREATED state","invocations":1,"location":null,"numPassingAsserts":7,"retryReasons":[],"status":"passed","title":"creates mint from ANCHOR_CREATED state"},{"ancestorTitles":["web3Pipeline","applyAction - mint"],"duration":1,"failureDetails":[],"failureMessages":[],"fullName":"web3Pipeline applyAction - mint fails without anchor","invocations":1,"location":null,"numPassingAsserts":4,"retryReasons":[],"status":"passed","title":"fails without anchor"},{"ancestorTitles":["web3Pipeline","applyAction - mint"],"duration":0,"failureDetails":[],"failureMessages":[],"fullName":"web3Pipeline applyAction - mint is idempotent when mint already exists","invocations":1,"location":null,"numPassingAsserts":3,"retryReasons":[],"status":"passed","title":"is idempotent when mint already exists"},{"ancestorTitles":["web3Pipeline","happy path - full pipeline"],"duration":1,"failureDetails":[],"failureMessages":[],"fullName":"web3Pipeline happy path - full pipeline completes proof → anchor → mint sequence","invocations":1,"location":null,"numPassingAsserts":8,"retryReasons":[],"status":"passed","title":"completes proof → anchor → mint sequence"},{"ancestorTitles":["web3Pipeline","tenant isolation"],"duration":0,"failureDetails":[],"failureMessages":[],"fullName":"web3Pipeline tenant isolation isolates state per tenant","invocations":1,"location":null,"numPassingAsserts":2,"retryReasons":[],"status":"passed","title":"isolates state per tenant"},{"ancestorTitles":["web3Pipeline","snapshot"],"duration":0,"failureDetails":[],"failureMessages":[],"fullName":"web3Pipeline snapshot returns same state as getState","invocations":1,"location":null,"numPassingAsserts":1,"retryReasons":[],"status":"passed","title":"returns same state as getState"},{"ancestorTitles":["web3Pipeline","reset"],"duration":0,"failureDetails":[],"failureMessages":[],"fullName":"web3Pipeline reset clears state for test","invocations":1,"location":null,"numPassingAsserts":1,"retryReasons":[],"status":"passed","title":"clears state for test"},{"ancestorTitles":["web3Pipeline","deterministic hashes"],"duration":1,"failureDetails":[],"failureMessages":[],"fullName":"web3Pipeline deterministic hashes generates same hash for same runId and tenant","invocations":1,"location":null,"numPassingAsserts":1,"retryReasons":[],"status":"passed","title":"generates same hash for same runId and tenant"},{"ancestorTitles":["web3Pipeline","deterministic hashes"],"duration":0,"failureDetails":[],"failureMessages":[],"fullName":"web3Pipeline deterministic hashes generates different hash for different runId","invocations":1,"location":null,"numPassingAsserts":1,"retryReasons":[],"status":"passed","title":"generates different hash for different runId"}],"endTime":1767449087996,"message":"","name":"/home/alaeddine/Documents/journey_mfai_back_front/mf-back/__tests__/web3/web3Pipeline.test.js","startTime":1767449087955,"status":"passed","summary":""},{"assertionResults":[{"ancestorTitles":["Golden Outputs"],"duration":8,"failureDetails":[],"failureMessages":[],"fullName":"Golden Outputs matches simple_intent golden snapshot","invocations":1,"location":null,"numPassingAsserts":4,"retryReasons":[],"status":"passed","title":"matches simple_intent golden snapshot"},{"ancestorTitles":["Golden Outputs"],"duration":3,"failureDetails":[],"failureMessages":[],"fullName":"Golden Outputs matches composite_intent golden snapshot","invocations":1,"location":null,"numPassingAsserts":5,"retryReasons":[],"status":"passed","title":"matches composite_intent golden snapshot"},{"ancestorTitles":["Golden Outputs"],"duration":2,"failureDetails":[],"failureMessages":[],"fullName":"Golden Outputs matches preset_audit_dao golden snapshot","invocations":1,"location":null,"numPassingAsserts":2,"retryReasons":[],"status":"passed","title":"matches preset_audit_dao golden snapshot"},{"ancestorTitles":["Golden Outputs"],"duration":2,"failureDetails":[],"failureMessages":[],"fullName":"Golden Outputs matches demo_mode golden snapshot","invocations":1,"location":null,"numPassingAsserts":3,"retryReasons":[],"status":"passed","title":"matches demo_mode golden snapshot"},{"ancestorTitles":["Golden Outputs"],"duration":1,"failureDetails":[],"failureMessages":[],"fullName":"Golden Outputs matches quota_warn golden snapshot structure","invocations":1,"location":null,"numPassingAsserts":3,"retryReasons":[],"status":"passed","title":"matches quota_warn golden snapshot structure"},{"ancestorTitles":["Golden Outputs"],"duration":5,"failureDetails":[],"failureMessages":[],"fullName":"Golden Outputs matches cost_block golden snapshot structure","invocations":1,"location":null,"numPassingAsserts":3,"retryReasons":[],"status":"passed","title":"matches cost_block golden snapshot structure"},{"ancestorTitles":["Golden Outputs"],"duration":2,"failureDetails":[],"failureMessages":[],"fullName":"Golden Outputs matches web3_block golden snapshot structure","invocations":1,"location":null,"numPassingAsserts":3,"retryReasons":[],"status":"passed","title":"matches web3_block golden snapshot structure"}],"endTime":1767449088092,"message":"","name":"/home/alaeddine/Documents/journey_mfai_back_front/mf-back/__tests__/golden/goldenOutputs.test.js","startTime":1767449088001,"status":"passed","summary":""},{"assertionResults":[{"ancestorTitles":["dao routes"],"duration":42,"failureDetails":[],"failureMessages":[],"fullName":"dao routes returns DAO configuration and voters","invocations":1,"location":null,"numPassingAsserts":3,"retryReasons":[],"status":"passed","title":"returns DAO configuration and voters"},{"ancestorTitles":["dao routes"],"duration":18,"failureDetails":[],"failureMessages":[],"fullName":"dao routes rejects proposal creation without admin api key","invocations":1,"location":null,"numPassingAsserts":1,"retryReasons":[],"status":"passed","title":"rejects proposal creation without admin api key"},{"ancestorTitles":["dao routes"],"duration":24,"failureDetails":[],"failureMessages":[],"fullName":"dao routes creates a proposal and lists it","invocations":1,"location":null,"numPassingAsserts":2,"retryReasons":[],"status":"passed","title":"creates a proposal and lists it"},{"ancestorTitles":["dao routes"],"duration":21,"failureDetails":[],"failureMessages":[],"fullName":"dao routes records votes and updates quorum status","invocations":1,"location":null,"numPassingAsserts":6,"retryReasons":[],"status":"passed","title":"records votes and updates quorum status"},{"ancestorTitles":["dao routes"],"duration":24,"failureDetails":[],"failureMessages":[],"fullName":"dao routes prevents duplicate and unauthorized votes","invocations":1,"location":null,"numPassingAsserts":2,"retryReasons":[],"status":"passed","title":"prevents duplicate and unauthorized votes"},{"ancestorTitles":["dao routes"],"duration":22,"failureDetails":[],"failureMessages":[],"fullName":"dao routes allows closing a proposal with admin key","invocations":1,"location":null,"numPassingAsserts":2,"retryReasons":[],"status":"passed","title":"allows closing a proposal with admin key"},{"ancestorTitles":["dao routes"],"duration":16,"failureDetails":[],"failureMessages":[],"fullName":"dao routes returns 404 when proposal not found","invocations":1,"location":null,"numPassingAsserts":1,"retryReasons":[],"status":"passed","title":"returns 404 when proposal not found"}],"endTime":1767449088318,"message":"","name":"/home/alaeddine/Documents/journey_mfai_back_front/mf-back/__tests__/routes.dao.test.js","startTime":1767449088097,"status":"passed","summary":""},{"assertionResults":[{"ancestorTitles":["Agent outputs stay consistent"],"duration":1,"failureDetails":[],"failureMessages":[],"fullName":"Agent outputs stay consistent has at least one available agent","invocations":1,"location":null,"numPassingAsserts":1,"retryReasons":[],"status":"passed","title":"has at least one available agent"},{"ancestorTitles":["Agent outputs stay consistent","agent AuditAgent"],"duration":1,"failureDetails":[],"failureMessages":[],"fullName":"Agent outputs stay consistent agent AuditAgent returns structured payload","invocations":1,"location":null,"numPassingAsserts":4,"retryReasons":[],"status":"passed","title":"returns structured payload"},{"ancestorTitles":["Agent outputs stay consistent","agent BuilderAgent"],"duration":1,"failureDetails":[],"failureMessages":[],"fullName":"Agent outputs stay consistent agent BuilderAgent returns structured payload","invocations":1,"location":null,"numPassingAsserts":4,"retryReasons":[],"status":"passed","title":"returns structured payload"},{"ancestorTitles":["Agent outputs stay consistent","agent CoachAgent"],"duration":3,"failureDetails":[],"failureMessages":[],"fullName":"Agent outputs stay consistent agent CoachAgent returns structured payload","invocations":1,"location":null,"numPassingAsserts":4,"retryReasons":[],"status":"passed","title":"returns structured payload"},{"ancestorTitles":["Agent outputs stay consistent","agent CommunityAgent"],"duration":5,"failureDetails":[],"failureMessages":[],"fullName":"Agent outputs stay consistent agent CommunityAgent returns structured payload","invocations":1,"location":null,"numPassingAsserts":8,"retryReasons":[],"status":"passed","title":"returns structured payload"},{"ancestorTitles":["Agent outputs stay consistent","agent DAOAgent"],"duration":1,"failureDetails":[],"failureMessages":[],"fullName":"Agent outputs stay consistent agent DAOAgent returns structured payload","invocations":1,"location":null,"numPassingAsserts":4,"retryReasons":[],"status":"passed","title":"returns structured payload"},{"ancestorTitles":["Agent outputs stay consistent","agent DevAgent"],"duration":0,"failureDetails":[],"failureMessages":[],"fullName":"Agent outputs stay consistent agent DevAgent returns structured payload","invocations":1,"location":null,"numPassingAsserts":4,"retryReasons":[],"status":"passed","title":"returns structured payload"},{"ancestorTitles":["Agent outputs stay consistent","agent GrowthAgent"],"duration":1,"failureDetails":[],"failureMessages":[],"fullName":"Agent outputs stay consistent agent GrowthAgent returns structured payload","invocations":1,"location":null,"numPassingAsserts":4,"retryReasons":[],"status":"passed","title":"returns structured payload"},{"ancestorTitles":["Agent outputs stay consistent","agent GuideAgent"],"duration":0,"failureDetails":[],"failureMessages":[],"fullName":"Agent outputs stay consistent agent GuideAgent returns structured payload","invocations":1,"location":null,"numPassingAsserts":4,"retryReasons":[],"status":"passed","title":"returns structured payload"},{"ancestorTitles":["Agent outputs stay consistent","agent InvestorAgent"],"duration":1,"failureDetails":[],"failureMessages":[],"fullName":"Agent outputs stay consistent agent InvestorAgent returns structured payload","invocations":1,"location":null,"numPassingAsserts":4,"retryReasons":[],"status":"passed","title":"returns structured payload"},{"ancestorTitles":["Agent outputs stay consistent","agent LaunchpadAgent"],"duration":1,"failureDetails":[],"failureMessages":[],"fullName":"Agent outputs stay consistent agent LaunchpadAgent returns structured payload","invocations":1,"location":null,"numPassingAsserts":8,"retryReasons":[],"status":"passed","title":"returns structured payload"},{"ancestorTitles":["Agent outputs stay consistent","agent NFTAgent"],"duration":0,"failureDetails":[],"failureMessages":[],"fullName":"Agent outputs stay consistent agent NFTAgent returns structured payload","invocations":1,"location":null,"numPassingAsserts":4,"retryReasons":[],"status":"passed","title":"returns structured payload"},{"ancestorTitles":["Agent outputs stay consistent","agent OnboardingAgent"],"duration":0,"failureDetails":[],"failureMessages":[],"fullName":"Agent outputs stay consistent agent OnboardingAgent returns structured payload","invocations":1,"location":null,"numPassingAsserts":8,"retryReasons":[],"status":"passed","title":"returns structured payload"},{"ancestorTitles":["Agent outputs stay consistent","agent PitchAgent"],"duration":1,"failureDetails":[],"failureMessages":[],"fullName":"Agent outputs stay consistent agent PitchAgent returns structured payload","invocations":1,"location":null,"numPassingAsserts":8,"retryReasons":[],"status":"passed","title":"returns structured payload"},{"ancestorTitles":["Agent outputs stay consistent","agent ProductAgent"],"duration":1,"failureDetails":[],"failureMessages":[],"fullName":"Agent outputs stay consistent agent ProductAgent returns structured payload","invocations":1,"location":null,"numPassingAsserts":8,"retryReasons":[],"status":"passed","title":"returns structured payload"},{"ancestorTitles":["Agent outputs stay consistent","agent ReflectionAgent"],"duration":0,"failureDetails":[],"failureMessages":[],"fullName":"Agent outputs stay consistent agent ReflectionAgent returns structured payload","invocations":1,"location":null,"numPassingAsserts":4,"retryReasons":[],"status":"passed","title":"returns structured payload"},{"ancestorTitles":["Agent outputs stay consistent","agent TokenAgent"],"duration":1,"failureDetails":[],"failureMessages":[],"fullName":"Agent outputs stay consistent agent TokenAgent returns structured payload","invocations":1,"location":null,"numPassingAsserts":8,"retryReasons":[],"status":"passed","title":"returns structured payload"},{"ancestorTitles":["Agent outputs stay consistent","agent Web3LegalAgent"],"duration":1,"failureDetails":[],"failureMessages":[],"fullName":"Agent outputs stay consistent agent Web3LegalAgent returns structured payload","invocations":1,"location":null,"numPassingAsserts":4,"retryReasons":[],"status":"passed","title":"returns structured payload"}],"endTime":1767449088423,"message":"","name":"/home/alaeddine/Documents/journey_mfai_back_front/mf-back/__tests__/agents.test.js","startTime":1767449088322,"status":"passed","summary":""},{"assertionResults":[{"ancestorTitles":["S2.3 Journey Engine Logic"],"duration":164,"failureDetails":[],"failureMessages":[],"fullName":"S2.3 Journey Engine Logic Start Journey: Should create Run and Unlock Phase 1","invocations":1,"location":null,"numPassingAsserts":6,"retryReasons":[],"status":"passed","title":"Start Journey: Should create Run and Unlock Phase 1"},{"ancestorTitles":["S2.3 Journey Engine Logic"],"duration":75,"failureDetails":[],"failureMessages":[],"fullName":"S2.3 Journey Engine Logic Start Journey: Should fail if already active","invocations":1,"location":null,"numPassingAsserts":1,"retryReasons":[],"status":"passed","title":"Start Journey: Should fail if already active"},{"ancestorTitles":["S2.3 Journey Engine Logic"],"duration":24,"failureDetails":[],"failureMessages":[],"fullName":"S2.3 Journey Engine Logic Submit Phase (S2.4 Auto-Eval): Should transition UNLOCKED -> VALIDATED immediately","invocations":1,"location":null,"numPassingAsserts":7,"retryReasons":[],"status":"passed","title":"Submit Phase (S2.4 Auto-Eval): Should transition UNLOCKED -> VALIDATED immediately"},{"ancestorTitles":["S2.3 Journey Engine Logic"],"duration":14,"failureDetails":[],"failureMessages":[],"fullName":"S2.3 Journey Engine Logic Submit Phase (S2.4 Auto-Eval): Should transition UNLOCKED -> REJECTED if bad payload","invocations":1,"location":null,"numPassingAsserts":2,"retryReasons":[],"status":"passed","title":"Submit Phase (S2.4 Auto-Eval): Should transition UNLOCKED -> REJECTED if bad payload"},{"ancestorTitles":["S2.3 Journey Engine Logic"],"duration":9,"failureDetails":[],"failureMessages":[],"fullName":"S2.3 Journey Engine Logic Submit Phase: Should FAIL if phase is LOCKED","invocations":1,"location":null,"numPassingAsserts":1,"retryReasons":[],"status":"passed","title":"Submit Phase: Should FAIL if phase is LOCKED"},{"ancestorTitles":["S2.3 Journey Engine Logic"],"duration":4,"failureDetails":[],"failureMessages":[],"fullName":"S2.3 Journey Engine Logic Submit Phase: Should FAIL if invalid User/Run","invocations":1,"location":null,"numPassingAsserts":1,"retryReasons":[],"status":"passed","title":"Submit Phase: Should FAIL if invalid User/Run"},{"ancestorTitles":["S2.3 Journey Engine Logic"],"duration":17,"failureDetails":[],"failureMessages":[],"fullName":"S2.3 Journey Engine Logic Immutability Check via Engine: Cannot modify Submission payload","invocations":1,"location":null,"numPassingAsserts":1,"retryReasons":[],"status":"passed","title":"Immutability Check via Engine: Cannot modify Submission payload"}],"endTime":1767449088883,"message":"","name":"/home/alaeddine/Documents/journey_mfai_back_front/mf-back/__tests__/s2_logic.test.js","startTime":1767449088426,"status":"passed","summary":""},{"assertionResults":[{"ancestorTitles":["S2.3 Engine API Endpoints"],"duration":189,"failureDetails":[],"failureMessages":[],"fullName":"S2.3 Engine API Endpoints POST /start: Should start a journey","invocations":1,"location":null,"numPassingAsserts":4,"retryReasons":[],"status":"passed","title":"POST /start: Should start a journey"},{"ancestorTitles":["S2.3 Engine API Endpoints"],"duration":2,"failureDetails":[],"failureMessages":[],"fullName":"S2.3 Engine API Endpoints POST /start: Should fail without definition","invocations":1,"location":null,"numPassingAsserts":1,"retryReasons":[],"status":"passed","title":"POST /start: Should fail without definition"},{"ancestorTitles":["S2.3 Engine API Endpoints"],"duration":33,"failureDetails":[],"failureMessages":[],"fullName":"S2.3 Engine API Endpoints GET /:id/state: Should retrieve state","invocations":1,"location":null,"numPassingAsserts":3,"retryReasons":[],"status":"passed","title":"GET /:id/state: Should retrieve state"},{"ancestorTitles":["S2.3 Engine API Endpoints"],"duration":16,"failureDetails":[],"failureMessages":[],"fullName":"S2.3 Engine API Endpoints POST /submit: Should submit phase","invocations":1,"location":null,"numPassingAsserts":4,"retryReasons":[],"status":"passed","title":"POST /submit: Should submit phase"}],"endTime":1767449089313,"message":"","name":"/home/alaeddine/Documents/journey_mfai_back_front/mf-back/__tests__/s2_api.test.js","startTime":1767449088886,"status":"passed","summary":""},{"assertionResults":[{"ancestorTitles":["S2.2 Persistence Models"],"duration":139,"failureDetails":[],"failureMessages":[],"fullName":"S2.2 Persistence Models JourneyRun: Should initialize with default status INITIALIZED","invocations":1,"location":null,"numPassingAsserts":2,"retryReasons":[],"status":"passed","title":"JourneyRun: Should initialize with default status INITIALIZED"},{"ancestorTitles":["S2.2 Persistence Models"],"duration":21,"failureDetails":[],"failureMessages":[],"fullName":"S2.2 Persistence Models JourneyRun: Should enforce valid status transitions (Schema Validation level)","invocations":1,"location":null,"numPassingAsserts":1,"retryReasons":[],"status":"passed","title":"JourneyRun: Should enforce valid status transitions (Schema Validation level)"},{"ancestorTitles":["S2.2 Persistence Models"],"duration":8,"failureDetails":[],"failureMessages":[],"fullName":"S2.2 Persistence Models Submission: Should be append-only (Immutable)","invocations":1,"location":null,"numPassingAsserts":1,"retryReasons":[],"status":"passed","title":"Submission: Should be append-only (Immutable)"},{"ancestorTitles":["S2.2 Persistence Models"],"duration":5,"failureDetails":[],"failureMessages":[],"fullName":"S2.2 Persistence Models Evaluation: Should be append-only (Immutable)","invocations":1,"location":null,"numPassingAsserts":1,"retryReasons":[],"status":"passed","title":"Evaluation: Should be append-only (Immutable)"},{"ancestorTitles":["S2.2 Persistence Models"],"duration":5,"failureDetails":[],"failureMessages":[],"fullName":"S2.2 Persistence Models XpLedger: Should be append-only (Immutable)","invocations":1,"location":null,"numPassingAsserts":1,"retryReasons":[],"status":"passed","title":"XpLedger: Should be append-only (Immutable)"},{"ancestorTitles":["S2.2 Persistence Models"],"duration":6,"failureDetails":[],"failureMessages":[],"fullName":"S2.2 Persistence Models PhaseProgress: Should enforce status enum","invocations":1,"location":null,"numPassingAsserts":1,"retryReasons":[],"status":"passed","title":"PhaseProgress: Should enforce status enum"},{"ancestorTitles":["S2.2 Persistence Models"],"duration":5,"failureDetails":[],"failureMessages":[],"fullName":"S2.2 Persistence Models PhaseProgress: Should allow valid status update (Mutable)","invocations":1,"location":null,"numPassingAsserts":2,"retryReasons":[],"status":"passed","title":"PhaseProgress: Should allow valid status update (Mutable)"}],"endTime":1767449089586,"message":"","name":"/home/alaeddine/Documents/journey_mfai_back_front/mf-back/__tests__/s2_models.test.js","startTime":1767449089317,"status":"passed","summary":""},{"assertionResults":[{"ancestorTitles":["Admin RAG routes end-to-end"],"duration":16,"failureDetails":[],"failureMessages":[],"fullName":"Admin RAG routes end-to-end allows an admin to upload and list RAG documents","invocations":1,"location":null,"numPassingAsserts":3,"retryReasons":[],"status":"passed","title":"allows an admin to upload and list RAG documents"}],"endTime":1767449089857,"message":"","name":"/home/alaeddine/Documents/journey_mfai_back_front/mf-back/__tests__/admin.rag.e2e.test.js","startTime":1767449089588,"status":"passed","summary":""},{"assertionResults":[{"ancestorTitles":["Resource Validator Integration"],"duration":4,"failureDetails":[],"failureMessages":[],"fullName":"Resource Validator Integration should sanitize resources in a full API response","invocations":1,"location":null,"numPassingAsserts":3,"retryReasons":[],"status":"passed","title":"should sanitize resources in a full API response"
[...]
les":["export routes"],"duration":162,"failureDetails":[],"failureMessages":[],"fullName":"export routes rejects mission export when api key mismatches","invocations":1,"location":null,"numPassingAsserts":1,"retryReasons":[],"status":"passed","title":"rejects mission export when api key mismatches"},{"ancestorTitles":["export routes"],"duration":64,"failureDetails":[],"failureMessages":[],"fullName":"export routes returns 400 when summary payload is missing","invocations":1,"location":null,"numPassingAsserts":1,"retryReasons":[],"status":"passed","title":"returns 400 when summary payload is missing"},{"ancestorTitles":["export routes"],"duration":89,"failureDetails":[],"failureMessages":[],"fullName":"export routes generates a PDF mission export when authorized","invocations":1,"location":null,"numPassingAsserts":3,"retryReasons":[],"status":"passed","title":"generates a PDF mission export when authorized"},{"ancestorTitles":["export routes"],"duration":74,"failureDetails":[],"failureMessages":[],"fullName":"export routes returns Notion markdown when format=notion","invocations":1,"location":null,"numPassingAsserts":3,"retryReasons":[],"status":"passed","title":"returns Notion markdown when format=notion"}],"endTime":1767449091940,"message":"","name":"/home/alaeddine/Documents/journey_mfai_back_front/mf-back/__tests__/routes.export.test.js","startTime":1767449091506,"status":"passed","summary":""},{"assertionResults":[{"ancestorTitles":["Agent registry"],"duration":16,"failureDetails":[],"failureMessages":[],"fullName":"Agent registry contains all expected agents with required fields","invocations":1,"location":null,"numPassingAsserts":277,"retryReasons":[],"status":"passed","title":"contains all expected agents with required fields"},{"ancestorTitles":["Agent registry"],"duration":0,"failureDetails":[],"failureMessages":[],"fullName":"Agent registry orders agents by priority descending","invocations":1,"location":null,"numPassingAsserts":1,"retryReasons":[],"status":"passed","title":"orders agents by priority descending"},{"ancestorTitles":["Agent registry"],"duration":1,"failureDetails":[],"failureMessages":[],"fullName":"Agent registry coverage agents are enabled and non-stub","invocations":1,"location":null,"numPassingAsserts":40,"retryReasons":[],"status":"passed","title":"coverage agents are enabled and non-stub"}],"endTime":1767449091979,"message":"","name":"/home/alaeddine/Documents/journey_mfai_back_front/mf-back/__tests__/registry.test.js","startTime":1767449091942,"status":"passed","summary":""},{"assertionResults":[{"ancestorTitles":["runtimeMode helpers"],"duration":1,"failureDetails":[],"failureMessages":[],"fullName":"runtimeMode helpers normalizeMode renvoie simulation par défaut","invocations":1,"location":null,"numPassingAsserts":4,"retryReasons":[],"status":"passed","title":"normalizeMode renvoie simulation par défaut"},{"ancestorTitles":["runtimeMode helpers"],"duration":0,"failureDetails":[],"failureMessages":[],"fullName":"runtimeMode helpers ensureModeAllowed bloque mode real si env manquants","invocations":1,"location":null,"numPassingAsserts":2,"retryReasons":[],"status":"passed","title":"ensureModeAllowed bloque mode real si env manquants"},{"ancestorTitles":["runtimeMode helpers"],"duration":1,"failureDetails":[],"failureMessages":[],"fullName":"runtimeMode helpers ensureModeAllowed autorise mode real si env OK","invocations":1,"location":null,"numPassingAsserts":6,"retryReasons":[],"status":"passed","title":"ensureModeAllowed autorise mode real si env OK"},{"ancestorTitles":["runtimeMode helpers"],"duration":0,"failureDetails":[],"failureMessages":[],"fullName":"runtimeMode helpers registryCoverage reflète les overrides env pour les agents","invocations":1,"location":null,"numPassingAsserts":3,"retryReasons":[],"status":"passed","title":"registryCoverage reflète les overrides env pour les agents"}],"endTime":1767449092003,"message":"","name":"/home/alaeddine/Documents/journey_mfai_back_front/mf-back/__tests__/runtimeMode.test.js","startTime":1767449091981,"status":"passed","summary":""},{"assertionResults":[{"ancestorTitles":["ragClient resilience"],"duration":2,"failureDetails":[],"failureMessages":[],"fullName":"ragClient resilience returns local snippets when the upstream RAG service fails","invocations":1,"location":null,"numPassingAsserts":4,"retryReasons":[],"status":"passed","title":"returns local snippets when the upstream RAG service fails"},{"ancestorTitles":["ragClient resilience"],"duration":0,"failureDetails":[],"failureMessages":[],"fullName":"ragClient resilience persists ingested documents locally if the remote service is down","invocations":1,"location":null,"numPassingAsserts":4,"retryReasons":[],"status":"passed","title":"persists ingested documents locally if the remote service is down"}],"endTime":1767449092027,"message":"","name":"/home/alaeddine/Documents/journey_mfai_back_front/mf-back/__tests__/ragClient.test.js","startTime":1767449092005,"status":"passed","summary":""},{"assertionResults":[{"ancestorTitles":["BaseAgent RAG Integration"],"duration":1,"failureDetails":[],"failureMessages":[],"fullName":"BaseAgent RAG Integration should inject RAG context into system prompt","invocations":1,"location":null,"numPassingAsserts":2,"retryReasons":[],"status":"passed","title":"should inject RAG context into system prompt"}],"endTime":1767449092099,"message":"","name":"/home/alaeddine/Documents/journey_mfai_back_front/mf-back/tests/manual_rag.test.js","startTime":1767449092028,"status":"passed","summary":""},{"assertionResults":[{"ancestorTitles":["Resource Validator"],"duration":0,"failureDetails":[],"failureMessages":[],"fullName":"Resource Validator should validate URL format","invocations":1,"location":null,"numPassingAsserts":2,"retryReasons":[],"status":"passed","title":"should validate URL format"},{"ancestorTitles":["Resource Validator"],"duration":1,"failureDetails":[],"failureMessages":[],"fullName":"Resource Validator should sanitize resource blocks with reachable URLs","invocations":1,"location":null,"numPassingAsserts":1,"retryReasons":[],"status":"passed","title":"should sanitize resource blocks with reachable URLs"},{"ancestorTitles":["Resource Validator"],"duration":0,"failureDetails":[],"failureMessages":[],"fullName":"Resource Validator should fallback to Google search for unreachable URLs","invocations":1,"location":null,"numPassingAsserts":2,"retryReasons":[],"status":"passed","title":"should fallback to Google search for unreachable URLs"},{"ancestorTitles":["Resource Validator"],"duration":0,"failureDetails":[],"failureMessages":[],"fullName":"Resource Validator should sanitize full response","invocations":1,"location":null,"numPassingAsserts":1,"retryReasons":[],"status":"passed","title":"should sanitize full response"}],"endTime":1767449092134,"message":"","name":"/home/alaeddine/Documents/journey_mfai_back_front/mf-back/tests/unit/resourceValidator.test.js","startTime":1767449092102,"status":"passed","summary":""},{"assertionResults":[{"ancestorTitles":["Demo mission orchestration"],"duration":24,"failureDetails":[],"failureMessages":[],"fullName":"Demo mission orchestration replays the demo mission scenario and returns structured agent outputs","invocations":1,"location":null,"numPassingAsserts":12,"retryReasons":[],"status":"passed","title":"replays the demo mission scenario and returns structured agent outputs"}],"endTime":1767449092245,"message":"","name":"/home/alaeddine/Documents/journey_mfai_back_front/mf-back/__tests__/demoMission.test.js","startTime":1767449092136,"status":"passed","summary":""},{"assertionResults":[{"ancestorTitles":["Agents P0 implementations (minimal prod-grade)"],"duration":5,"failureDetails":[],"failureMessages":[],"fullName":"Agents P0 implementations (minimal prod-grade) returns structured responses without throw","invocations":1,"location":null,"numPassingAsserts":72,"retryReasons":[],"status":"passed","title":"returns structured responses without throw"}],"endTime":1767449092289,"message":"","name":"/home/alaeddine/Documents/journey_mfai_back_front/mf-back/__tests__/agents/agentsImpl.e2e-lite.test.js","startTime":1767449092248,"status":"passed","summary":""},{"assertionResults":[{"ancestorTitles":["Journey State Service"],"duration":1,"failureDetails":[],"failureMessages":[],"fullName":"Journey State Service gets journey state","invocations":1,"location":null,"numPassingAsserts":1,"retryReasons":[],"status":"passed","title":"gets journey state"},{"ancestorTitles":["Journey State Service"],"duration":1,"failureDetails":[],"failureMessages":[],"fullName":"Journey State Service advances journey step","invocations":1,"location":null,"numPassingAsserts":4,"retryReasons":[],"status":"passed","title":"advances journey step"},{"ancestorTitles":["Journey State Service"],"duration":3,"failureDetails":[],"failureMessages":[],"fullName":"Journey State Service blocks invalid transitions","invocations":1,"location":null,"numPassingAsserts":1,"retryReasons":[],"status":"passed","title":"blocks invalid transitions"}],"endTime":1767449092319,"message":"","name":"/home/alaeddine/Documents/journey_mfai_back_front/mf-back/tests/journey-state.test.js","startTime":1767449092294,"status":"passed","summary":""},{"assertionResults":[{"ancestorTitles":["journeyController.step"],"duration":1,"failureDetails":[],"failureMessages":[],"fullName":"journeyController.step defaults mode and tone when none supplied","invocations":1,"location":null,"numPassingAsserts":4,"retryReasons":[],"status":"passed","title":"defaults mode and tone when none supplied"},{"ancestorTitles":["journeyController.step"],"duration":1,"failureDetails":[],"failureMessages":[],"fullName":"journeyController.step passes explicit mode and tone through to Zyno","invocations":1,"location":null,"numPassingAsserts":3,"retryReasons":[],"status":"passed","title":"passes explicit mode and tone through to Zyno"}],"endTime":1767449092439,"message":"","name":"/home/alaeddine/Documents/journey_mfai_back_front/mf-back/__tests__/journeyController.step.test.js","startTime":1767449092321,"status":"passed","summary":""},{"assertionResults":[{"ancestorTitles":["BaseAgent resilience with auto-reprompt"],"duration":2,"failureDetails":[],"failureMessages":[],"fullName":"BaseAgent resilience with auto-reprompt re-prompts once when status is ERROR and returns corrected payload","invocations":1,"location":null,"numPassingAsserts":3,"retryReasons":[],"status":"passed","title":"re-prompts once when status is ERROR and returns corrected payload"}],"endTime":1767449092540,"message":"","name":"/home/alaeddine/Documents/journey_mfai_back_front/mf-back/__tests__/baseAgent_resilience.test.js","startTime":1767449092446,"status":"passed","summary":""},{"assertionResults":[{"ancestorTitles":["User Guardrails"],"duration":1,"failureDetails":[],"failureMessages":[],"fullName":"User Guardrails enforces unique wallet address on registration (via Mongo error)","invocations":1,"location":null,"numPassingAsserts":3,"retryReasons":[],"status":"passed","title":"enforces unique wallet address on registration (via Mongo error)"}],"endTime":1767449092589,"message":"","name":"/home/alaeddine/Documents/journey_mfai_back_front/mf-back/tests/user-guardrails.test.js","startTime":1767449092543,"status":"passed","summary":""},{"assertionResults":[{"ancestorTitles":["Orchestrator Collision Test"],"duration":0,"failureDetails":[],"failureMessages":[],"fullName":"Orchestrator Collision Test Router should select HighPriorityAgent when intents collide","invocations":1,"location":null,"numPassingAsserts":2,"retryReasons":[],"status":"passed","title":"Router should select HighPriorityAgent when intents collide"},{"ancestorTitles":["Orchestrator Collision Test"],"duration":1,"failureDetails":[],"failureMessages":[],"fullName":"Orchestrator Collision Test Router should select higher confidence when priorities match","invocations":1,"location":null,"numPassingAsserts":1,"retryReasons":[],"status":"passed","title":"Router should select higher confidence when priorities match"}],"endTime":1767449092614,"message":"","name":"/home/alaeddine/Documents/journey_mfai_back_front/mf-back/tests/unit/orchestrator_collision.test.js","startTime":1767449092594,"status":"passed","summary":""},{"assertionResults":[{"ancestorTitles":["RAGOpsAgent strict grounding"],"duration":1,"failureDetails":[],"failureMessages":[],"fullName":"RAGOpsAgent strict grounding fails when no RAG citations are provided","invocations":1,"location":null,"numPassingAsserts":3,"retryReasons":[],"status":"passed","title":"fails when no RAG citations are provided"},{"ancestorTitles":["RAGOpsAgent strict grounding"],"duration":0,"failureDetails":[],"failureMessages":[],"fullName":"RAGOpsAgent strict grounding accepts when RAG citations exist","invocations":1,"location":null,"numPassingAsserts":3,"retryReasons":[],"status":"passed","title":"accepts when RAG citations exist"},{"ancestorTitles":["RAGOpsAgent strict grounding"],"duration":0,"failureDetails":[],"failureMessages":[],"fullName":"RAGOpsAgent strict grounding fails when average score is below threshold","invocations":1,"location":null,"numPassingAsserts":3,"retryReasons":[],"status":"passed","title":"fails when average score is below threshold"}],"endTime":1767449092640,"message":"","name":"/home/alaeddine/Documents/journey_mfai_back_front/mf-back/__tests__/ragops_strict_grounding.test.js","startTime":1767449092616,"status":"passed","summary":""},{"assertionResults":[{"ancestorTitles":["orchestrateZyno"],"duration":531,"failureDetails":[],"failureMessages":[],"fullName":"orchestrateZyno normalizes agent outputs, including references and AEPO metrics","invocations":1,"location":null,"numPassingAsserts":11,"retryReasons":[],"status":"passed","title":"normalizes agent outputs, including references and AEPO metrics"}],"endTime":1767449093192,"message":"","name":"/home/alaeddine/Documents/journey_mfai_back_front/mf-back/__tests__/zynoOrchestrator.test.js","startTime":1767449092642,"status":"passed","summary":""},{"assertionResults":[{"ancestorTitles":["Integration: Multi-agent AEPO/AECO"],"duration":8,"failureDetails":[],"failureMessages":[],"fullName":"Integration: Multi-agent AEPO/AECO should compute AEPO and save AECO feedback","invocations":1,"location":null,"numPassingAsserts":5,"retryReasons":[],"status":"passed","title":"should compute AEPO and save AECO feedback"}],"endTime":1767449093224,"message":"","name":"/home/alaeddine/Documents/journey_mfai_back_front/mf-back/tests/integration/multiAgentFeedback.test.js","startTime":1767449093194,"status":"passed","summary":""},{"assertionResults":[{"ancestorTitles":["Memory persistence into agent context"],"duration":11,"failureDetails":[],"failureMessages":[],"fullName":"Memory persistence into agent context injects history from agentMemory into orchestrateZyno context","invocations":1,"location":null,"numPassingAsserts":2,"retryReasons":[],"status":"passed","title":"injects history from agentMemory into orchestrateZyno context"}],"endTime":1767449093256,"message":"","name":"/home/alaeddine/Documents/journey_mfai_back_front/mf-back/__tests__/memory_persistence.test.js","startTime":1767449093226,"status":"passed","summary":""},{"assertionResults":[{"ancestorTitles":["Conflict handling between GrowthAgent and TokenomicsAgent"],"duration":0,"failureDetails":[],"failureMessages":[],"fullName":"Conflict handling between GrowthAgent and TokenomicsAgent GrowthAgent returns RISK_REPORT for absurd market cap vs budget","invocations":1,"location":null,"numPassingAsserts":2,"retryReasons":[],"status":"passed","title":"GrowthAgent returns RISK_REPORT for absurd market cap vs budget"},{"ancestorTitles":["Conflict handling between GrowthAgent and TokenomicsAgent"],"duration":1,"failureDetails":[],"failureMessages":[],"fullName":"Conflict handling between GrowthAgent and TokenomicsAgent TokenomicsAgent signale une aberration mathématique sur market cap insuffisant","invocations":1,"location":null,"numPassingAsserts":3,"retryReasons":[],"status":"passed","title":"TokenomicsAgent signale une aberration mathématique sur market cap insuffisant"}],"endTime":1767449093289,"message":"","name":"/home/alaeddine/Documents/journey_mfai_back_front/mf-back/__tests__/growth_tokenomics_conflict.test.js","startTime":1767449093258,"status":"passed","summary":""},{"assertionResults":[{"ancestorTitles":["workflowMap journeys and phases"],"duration":1,"failureDetails":[],"failureMessages":[],"fullName":"workflowMap journeys and phases covers product_launch journey with ordered phases","invocations":1,"location":null,"numPassingAsserts":2,"retryReasons":[],"status":"passed","title":"covers product_launch journey with ordered phases"},{"ancestorTitles":["workflowMap journeys and phases"],"duration":0,"failureDetails":[],"failureMessages":[],"fullName":"workflowMap journeys and phases covers dao_readiness journey with ordered phases","invocations":1,"location":null,"numPassingAsserts":2,"retryReasons":[],"status":"passed","title":"covers dao_readiness journey with ordered phases"},{"ancestorTitles":["workflowMap journeys and phases"],"duration":0,"failureDetails":[],"failureMessages":[],"fullName":"workflowMap journeys and phases covers investor_fundraise journey with ordered phases","invocations":1,"location":null,"numPassingAsserts":2,"retryReasons":[],"status":"passed","title":"covers investor_fundraise journey with ordered phases"}],"endTime":1767449093313,"message":"","name":"/home/alaeddine/Documents/journey_mfai_back_front/mf-back/__tests__/workflows/workflowPhases.test.js","startTime":1767449093293,"status":"passed","summary":""},{"assertionResults":[{"ancestorTitles":["E2E: Orchestrator + Feedback"],"duration":754,"failureDetails":[],"failureMessages":[],"fullName":"E2E: Orchestrator + Feedback should run orchestrator and log feedback","invocations":1,"location":null,"numPassingAsserts":4,"retryReasons":[],"status":"passed","title":"should run orchestrator and log feedback"}],"endTime":1767449094093,"message":"","name":"/home/alaeddine/Documents/journey_mfai_back_front/mf-back/tests/e2e/orchestrator_with_feedback.test.js","startTime":1767449093314,"status":"passed","summary":""},{"assertionResults":[{"ancestorTitles":[],"duration":0,"failureDetails":[],"failureMessages":[],"fullName":"setup placeholder","invocations":1,"location":null,"numPassingAsserts":1,"retryReasons":[],"status":"passed","title":"setup placeholder"}],"endTime":1767449094114,"message":"","name":"/home/alaeddine/Documents/journey_mfai_back_front/mf-back/__tests__/setup.js","startTime":1767449094095,"status":"passed","summary":""},{"assertionResults":[{"ancestorTitles":["computeAEPO"],"duration":0,"failureDetails":[],"failureMessages":[],"fullName":"computeAEPO should return 100 for perfect run","invocations":1,"location":null,"numPassingAsserts":1,"retryReasons":[],"status":"passed","title":"should return 100 for perfect run"},{"ancestorTitles":["computeAEPO"],"duration":1,"failureDetails":[],"failureMessages":[],"fullName":"computeAEPO should apply duration penalty","invocations":1,"location":null,"numPassingAsserts":1,"retryReasons":[],"status":"passed","title":"should apply duration penalty"},{"ancestorTitles":["computeAEPO"],"duration":0,"failureDetails":[],"failureMessages":[],"fullName":"computeAEPO should apply retry penalty","invocations":1,"location":null,"numPassingAsserts":1,"retryReasons":[],"status":"passed","title":"should apply retry penalty"},{"ancestorTitles":["computeAEPO"],"duration":0,"failureDetails":[],"failureMessages":[],"fullName":"computeAEPO should return 0 if failed","invocations":1,"location":null,"numPassingAsserts":1,"retryReasons":[],"status":"passed","title":"should return 0 if failed"}],"endTime":1767449094137,"message":"","name":"/home/alaeddine/Documents/journey_mfai_back_front/mf-back/tests/unit/computeAEPO.test.js","startTime":1767449094115,"status":"passed","summary":""}],"wasInterrupted":false}
